Deribit	1644410371674	229.27327499999998	66.41019	218.20491	63.2478
Lyra	1644410375683	235	64	225	58
Deribit	1644410401960	229.3755	64.8579	218.30220000000003	61.694100000000006
Lyra	1644410406889	235	64	225	58
Deribit	1644410432015	234.61774	63.4102	218.76519000000005	60.23969
Lyra	1644410441405	235	64	225	58
Deribit	1644410462732	238.863	62.104380000000006	216.56912000000003	57.32712
Lyra	1644410468077	236	64	226	58
Deribit	1644410491732	264.31931000000003	62.099115000000005	219.73533000000003	57.32226
Lyra	1644410498304	236	64	227	58
Deribit	1644410521641	248.42922	60.51481	227.72678499999998	57.32981999999999
Lyra	1644410527845	237	63	227	57
Deribit	1644410551692	248.30285999999998	60.48403	227.61095499999996	58.89234499999999
Lyra	1644410558025	237	63	227	57
Deribit	1644410581690	248.45184	58.92768	230.9328	57.33504
Lyra	1644410585492	242	62	232	56
Deribit	1644410611688	248.43078000000003	60.515190000000004	230.913225	57.33018
Lyra	1644410618091	249	59	239	53
Deribit	1644410641639	248.34498	60.49428999999999	230.83347499999996	57.310379999999995
Lyra	1644410646506	249	59	239	53
Deribit	1644410671657	248.58132	58.95839	231.05315	57.36492
Lyra	1644410676569	248	59	238	53
Deribit	1644410701658	248.92608	57.44448	234.56495999999999	55.848800000000004
Lyra	1644410705511	248	59	238	53
Deribit	1644410731645	249.00642	57.46301999999999	234.64066499999998	55.866825000000006
Lyra	1644410738131	248	59	238	53
Deribit	1644410761636	248.46744	60.524119999999996	234.13278	57.33864
Lyra	1644410765495	251	58	241	52
Deribit	1644410791635	248.52048	58.94396	234.18275999999997	57.35088
Lyra	1644410795419	251	58	241	52
Deribit	1644410821648	248.50722	58.94081499999999	234.17026499999997	57.34781999999999
Lyra	1644410828204	251	58	241	52
Deribit	1644410851782	248.62968	58.96986	234.28565999999998	55.782300000000006
Lyra	1644410855714	251	58	241	52
Deribit	1644410881648	248.7576	59.00019999999999	234.40619999999998	55.811
Lyra	1644410887788	251	58	241	52
Deribit	1644410911638	248.43546	58.923795	234.102645	57.33126
Lyra	1644410915457	251	58	241	52
Deribit	1644410941672	248.29584000000003	60.48232	233.97108	57.29904
Lyra	1644410945413	251	58	241	52
Deribit	1644410972341	248.19444000000001	60.45762	233.87553	57.275639999999996
Lyra	1644410979500	251	58	241	52
Deribit	1644411001695	248.14764	60.446220000000004	233.83142999999998	57.26484
Lyra	1644411008734	250	58	240	52
Deribit	1644411031637	248.25840000000002	60.4732	233.9358	57.2904
Lyra	1644411037801	250	58	240	52
Deribit	1644411061728	248.39334000000002	58.913805	234.062955	57.32154
Lyra	1644411068517	250	58	240	52
Deribit	1644411091660	248.4144	58.9188	234.0828	57.3264
Lyra	1644411095780	250	58	240	52
Deribit	1644411121735	248.29662	60.48251	233.971815	57.29922
Lyra	1644411128264	250	58	240	52
Deribit	1644411151682	248.16012	60.449259999999995	233.84319	57.26772
Lyra	1644411157289	250	58	240	52
Deribit	1644411181655	243.42147	60.45762	233.87553	57.275639999999996
Lyra	1644411185752	250	58	240	52
Deribit	1644411211683	243.52245000000002	60.4827	233.97255	57.2994
Lyra	1644411218062	250	58	240	52
Deribit	1644411241667	243.19961999999998	61.992059999999995	232.07283999999999	57.22344
Lyra	1644411245532	250	58	240	52
Deribit	1644411271684	242.98542	61.93746	230.2803	58.76118
Lyra	1644411275520	250	58	240	52
Deribit	1644411301673	243.01907999999997	61.946039999999996	230.31219999999996	58.76931999999999
Lyra	1644411308201	250	58	240	52
Deribit	1644411331646	243.04202999999998	61.95189	230.33395	58.77487
Lyra	1644411337386	250	58	240	52
Deribit	1644411361697	243.11776500000002	60.38219	230.405725	58.793185
Lyra	1644411368573	247	59	237	53
Deribit	1644411392155	243.24016500000002	60.41259	230.521725	57.23298
Lyra	1644411398234	247	59	237	53
Deribit	1644411421654	243.178965	60.397389999999994	230.46372499999998	58.807984999999995
Lyra	1644411428203	247	59	237	53
Deribit	1644411451791	243.41152499999998	60.455149999999996	230.68412499999997	57.27329999999999
Lyra	1644411458070	247	59	237	53
Deribit	1644411481701	243.406935	60.45401	230.67977499999998	57.27222
Lyra	1644411485527	247	59	237	53
Deribit	1644411512210	243.33885	60.4371	230.61525	57.2562
Lyra	1644411518231	247	59	237	53
Deribit	1644411541721	243.51326999999998	58.88882999999999	230.78054999999998	57.297239999999995
Lyra	1644411545415	247	59	237	53
Deribit	1644411571632	243.31742999999997	60.431779999999996	230.59494999999998	57.25115999999999
Lyra	1644411579145	247	59	237	53
Deribit	1644411601671	243.54081	58.895489999999995	230.80665	57.30372
Lyra	1644411608254	247	59	237	53
Deribit	1644411631753	243.292185	60.425509999999996	230.571025	57.245219999999996
Lyra	1644411638092	248	59	238	53
Deribit	1644411661665	243.07951500000001	61.961445000000005	230.369475	57.19518
Lyra	1644411668055	248	59	238	53
Deribit	1644411692755	243.029025	61.948575	230.32162499999998	58.771724999999996
Lyra	1644411698150	248	59	238	53
Deribit	1644411721651	243.0711	60.3706	230.36149999999998	58.7819
Lyra	1644411725694	249	59	239	53
Deribit	1644411751715	239.78799999999998	61.932	230.26	58.756
Lyra	1644411757981	249	59	239	53
Deribit	1644411781633	240.06583999999998	60.41392	230.52679999999998	58.824079999999995
Lyra	1644411785440	249	59	239	53
Deribit	1644411811637	240.17908999999997	60.44242	230.63554999999997	57.261239999999994
Lyra	1644411815382	249	59	239	53
Deribit	1644411841671	240.39803999999998	58.90548	230.84579999999997	57.31343999999999
Lyra	1644411848229	249	59	239	53
Deribit	1644411871861	241.97715999999997	60.49428999999999	230.83347499999996	57.310379999999995
Lyra	1644411878318	249	59	239	53
Deribit	1644411901621	241.908	58.8855	230.76749999999998	57.294
Lyra	1644411905508	249	59	239	53
Deribit	1644411931619	241.92319999999998	58.889199999999995	230.78199999999998	57.297599999999996
Lyra	1644411937968	249	59	239	53
Deribit	1644411961714	242.07367999999997	58.92582999999999	230.92554999999996	57.33323999999999
Lyra	1644411968770	249	59	239	53
Deribit	1644411992190	245.5145	57.392999999999994	234.35475	55.798750000000005
Lyra	1644411999500	249	59	239	53
Deribit	1644412021942	245.51372999999998	57.39281999999999	234.35401499999998	55.798575
Lyra	1644412027180	252	58	242	52
Deribit	1644412051625	245.45443999999998	57.37895999999999	234.29741999999996	55.7851
Lyra	1644412057555	252	58	242	52
Deribit	1644412081640	247.09015000000002	58.98281	234.33711	55.79455000000001
Lyra	1644412088057	252	58	242	52
Deribit	1644412111685	247.128125	57.397499999999994	234.373125	55.80312500000001
Lyra	1644412115542	252	58	242	52
Deribit	1644412141662	247.197875	57.4137	234.43927499999998	55.818875000000006
Lyra	1644412145486	252	58	242	52
Deribit	1644412171641	247.286225	57.434219999999996	234.52306499999997	55.83882500000001
Lyra	1644412178026	252	58	242	52
Deribit	1644412201631	247.1475	57.401999999999994	234.39149999999998	55.807500000000005
Lyra	1644412205408	252	58	242	52
Deribit	1644412231629	249.054	57.474	234.6855	55.877500000000005
Lyra	1644412235450	254	57	244	51
Deribit	1644412261659	250.91583	57.534839999999996	238.13031	54.338460000000005
Lyra	1644412267984	254	57	244	51
Deribit	1644412291628	252.70836000000003	57.579119999999996	239.913	54.380280000000006
Deribit	1644412321640	255.95759999999999	57.59045999999999	241.55998499999998	52.791255
Lyra	1644412328877	256	57	246	51
Lyra	1644412331397	256	57	246	51
Deribit	1644412351623	256.15520000000004	57.634919999999994	241.74647	52.832010000000004
Lyra	1644412357461	256	57	246	51
Deribit	1644412381649	256.1384	56.030275	246.53321	52.828545000000005
Lyra	1644412385418	259	56	249	50
Deribit	1644412411659	261.17164	56.079800000000006	246.75112	52.875240000000005
Lyra	1644412415374	259	56	249	50
Deribit	1644412441773	261.28981500000003	56.10517500000001	246.86277	52.899165
Lyra	1644412448315	259	56	249	50
Deribit	1644412471715	260.898615	57.621779999999994	246.49317	52.819965
Lyra	1644412477818	265	54	255	48
Deribit	1644412501658	260.93203	56.02835	246.52473999999998	52.82673
Lyra	1644412505405	265	54	255	48
Deribit	1644412531619	261.06569	56.05705000000001	246.65102000000002	52.853790000000004
Lyra	1644412535365	265	54	255	48
Deribit	1644412561646	261.143115	56.07367500000001	246.72417	52.869465000000005
Lyra	1644412568006	265	54	255	48
Deribit	1644412591626	260.86357000000004	56.013650000000005	246.46006	52.812870000000004
Lyra	1644412595458	265	54	255	48
Deribit	1644412621639	257.244995	57.52062	246.06043	54.325030000000005
Lyra	1644412627945	265	54	255	48
Deribit	1644412651632	257.42129	57.56004	244.63017000000002	54.362260000000006
Lyra	1644412655399	265	54	255	48
Deribit	1644412681661	257.298125	57.5325	244.513125	54.33625000000001
Lyra	1644412688059	263	55	253	49
Deribit	1644412711649	257.296515	57.53214	244.511595	54.335910000000005
Deribit	1644412741756	257.20555	57.511799999999994	244.42515	54.316700000000004
Lyra	1644412748226	263	55	253	49
Lyra	1644412750832	263	55	253	49
Deribit	1644412771605	253.92618	57.49272	242.74704	55.895700000000005
Lyra	1644412777629	263	55	253	49
Deribit	1644412801657	253.97706	57.504239999999996	242.79567999999998	54.30956
Lyra	1644412805444	263	55	253	49
Deribit	1644412831657	253.876095	57.481379999999994	242.69915999999998	55.884675
Lyra	1644412835590	260	56	250	50
Deribit	1644412861670	254.205225	57.5559	243.0138	54.35835000000001
Lyra	1644412868099	260	56	250	50
Deribit	1644412891674	254.237025	57.56309999999999	243.0442	54.36515
Lyra	1644412895522	260	56	250	50
Deribit	1644412921615	254.24020499999997	57.56381999999999	243.04724	54.36583
Lyra	1644412927913	260	56	250	50
Deribit	1644412951635	254.48427	57.61908	243.28055999999998	52.81749
Lyra	1644412955461	260	56	250	50
Deribit	1644412981644	254.42862000000002	57.60648	243.22736	52.80594000000001
Lyra	1644412988080	263	54	253	48
Deribit	1644413011627	255.9856	57.596759999999996	243.18632	54.39694000000001
Lyra	1644413015402	263	54	253	48
Deribit	1644413041656	255.8344	57.56273999999999	243.04268	54.36481
Lyra	1644413045589	263	54	253	48
Deribit	1644413071710	255.6536	57.522059999999996	242.87092	54.32639
Lyra	1644413077861	263	54	253	48
Deribit	1644413101661	255.948	57.5883	243.1506	54.38895
Lyra	1644413108090	263	54	253	48
Deribit	1644413131606	255.72080000000003	59.135435	242.93476	54.34067000000001
Lyra	1644413135455	263	54	253	48
Deribit	1644413161624	255.7384	57.54114	242.95148	54.34441
Lyra	1644413168228	263	54	253	48
Deribit	1644413191635	255.7912	57.55302	243.00163999999998	54.355630000000005
Lyra	1644413197579	263	54	253	48
Deribit	1644413221689	255.9512	57.58901999999999	243.15364	54.389630000000004
Lyra	1644413227131	263	54	253	48
Deribit	1644413251660	255.9376	57.58595999999999	243.14072	54.38674
Lyra	1644413257495	263	54	253	48
Deribit	1644413281660	255.7648	57.547079999999994	242.97655999999998	54.35002
Lyra	1644413287968	263	55	254	49
Deribit	1644413311637	255.6816	57.52835999999999	242.89752	54.33234
Lyra	1644413318905	264	55	254	49
Deribit	1644413341634	255.76880000000003	57.547979999999995	242.98036	54.35087000000001
Lyra	1644413348094	264	55	254	49
Deribit	1644413371753	255.8784	57.57263999999999	243.08447999999999	54.37416
Lyra	1644413375428	264	55	254	49
Deribit	1644413401735	255.8912	57.57551999999999	243.09663999999998	54.37688
Lyra	1644413405542	264	55	254	49
Deribit	1644413431688	257.78354	57.64104	243.37328000000002	52.83762000000001
Lyra	1644413438010	264	55	254	49
Deribit	1644413461749	257.76744	57.63743999999999	243.35808	52.83432
Lyra	1644413465517	264	55	254	49
Deribit	1644413491643	257.60080500000004	57.60018	243.20076	54.40017000000001
Lyra	1644413498134	264	55	254	49
Deribit	1644413521740	257.513865	57.58073999999999	243.11867999999998	54.38181
Lyra	1644413525531	264	55	254	49
Deribit	1644413551614	257.32549500000005	57.53862	242.94084	54.34203000000001
Lyra	1644413555508	264	55	254	49
Deribit	1644413581732	257.273975	57.52709999999999	242.89219999999997	54.33115
Deribit	1644413611622	257.07916500000005	59.080305	242.70828	55.88677500000001
Lyra	1644413615672	264	55	254	49
Lyra	1644413622852	264	55	254	49
Deribit	1644413641709	253.84668	59.071239999999996	242.67104	55.87820000000001
Lyra	1644413645517	264	55	254	49
Deribit	1644413671748	253.69324500000002	59.035535	240.928805	55.84442500000001
Lyra	1644413678179	264	55	254	49
Deribit	1644413703686	254.08518	59.12674	241.30102	54.33268
Lyra	1644413707801	263	55	253	49
Lyra	1644414639422	263	55	253	49
Deribit	1644414644796	256.984175	59.058474999999994	241.022425	55.866125000000004
Deribit	1644414661638	253.90073999999998	59.083819999999996	241.12586	55.890100000000004
Lyra	1644414668142	260	56	250	50
Deribit	1644415591742	234.63772	65.00099	220.36921000000004	61.83021
Lyra	1644415598122	243	62	233	56
Deribit	1644415621859	234.04572000000002	67.99977	219.81321000000003	61.67421
Lyra	1644415628033	243	62	233	56
Deribit	1644415651617	227.74967999999998	66.42699	219.84170500000002	63.2638
Lyra	1644415657770	243	62	233	56
Deribit	1644415681640	228.05999999999997	66.5175	220.14125	61.76625
Lyra	1644415687053	243	62	233	56
Deribit	1644415711617	231.39612999999997	64.981105	220.30179500000003	61.811295
Lyra	1644415719168	242	62	232	56
Deribit	1644415741605	231.50636	65.01206	220.40674000000004	61.840740000000004
Lyra	1644415747268	242	62	232	56
Deribit	1644415771611	233.39484	63.5088	220.69308000000004	60.33336
Lyra	1644415777959	243	62	233	56
Deribit	1644415801611	236.61348999999998	63.5204	223.90940999999998	60.34438
Lyra	1644415805494	243	62	233	56
Deribit	1644415831623	236.57028	63.5088	223.86852	60.33336
Lyra	1644415835408	243	62	233	56
Deribit	1644415861618	236.778135	63.5646	224.06521499999997	58.797255
Lyra	1644415867742	244	61	234	55
Deribit	1644415891614	236.76025499999997	63.559799999999996	224.04829499999997	60.381809999999994
Lyra	1644415895500	244	61	234	55
Deribit	1644415921607	236.889885	62.004735000000004	224.17096499999997	58.825005
Lyra	1644415928045	244	61	234	55
Deribit	1644415951921	240.23949	62.048610000000004	227.51156999999998	58.86663
Lyra	1644415957961	244	61	234	55
Deribit	1644415981598	240.22288	62.044320000000006	227.49584	58.86256
Lyra	1644415985386	244	61	234	55
Deribit	1644416011613	240.22061499999998	62.043735	227.49369499999997	58.862004999999996
Deribit	1644416041629	240.32102999999998	62.06967	227.58879	58.88661
Lyra	1644416047764	249	60	239	54
Deribit	1644416071593	240.359535	62.079615000000004	227.62525499999998	58.896045
Lyra	1644416075425	249	60	239	54
Lyra	1644416082454	244	60	239	54
Deribit	1644416101629	240.00393	63.577200000000005	227.28849	58.80891
Lyra	1644416108243	249	60	239	54
Deribit	1644416131652	240.303665	62.065185	227.57234499999998	58.882355
Lyra	1644416135481	249	60	239	54
Deribit	1644416161687	240.191925	62.036325	227.46652499999996	58.854974999999996
Lyra	1644416168127	249	60	239	54
Deribit	1644416191600	240.11567	62.01663	227.39431	58.83629
Lyra	1644416197577	249	60	239	54
Deribit	1644416221603	240.14889	62.02521	227.42577	58.84443
Lyra	1644416225387	249	60	239	54
Deribit	1644416251632	239.95863	63.565200000000004	227.24559	60.38694
Lyra	1644416258095	249	60	239	54
Deribit	1644416281703	239.89521	63.5484	227.18553	60.37098
Lyra	1644416285618	249	60	239	54
Deribit	1644416311629	239.76233	63.5132	227.05968999999996	60.33754
Lyra	1644416317942	249	60	239	54
Deribit	1644416640271	238.71374999999998	62.065574999999995	227.57377499999998	58.88272499999999
Deribit	1644416641612	238.71374999999998	62.065574999999995	227.57377499999998	58.88272499999999
Lyra	1644416644296	248	60	238	54
Lyra	1644416645508	248	60	238	54
Deribit	1644416671616	238.47749999999996	62.004149999999996	227.34854999999996	58.82444999999999
Lyra	1644416677949	248	60	238	54
Deribit	1644417000623	245.40054	60.55338	231.05894999999998	57.36635999999999
Deribit	1644417002537	245.55068999999997	60.59043	231.20032499999996	57.40145999999999
Lyra	1644417007202	249	59	239	53
Lyra	1644417008472	249	59	239	53
Deribit	1644417031633	245.30968000000001	62.12388	230.9734	57.34512
Lyra	1644417037340	249	59	239	53
Deribit	1644417061606	245.55685	60.591950000000004	231.206125	57.4029
Lyra	1644417065624	249	59	239	53
Deribit	1644417091831	247.410225	59.059214999999995	237.83305499999997	55.866825000000006
Lyra	1644417095561	253	58	243	52
Deribit	1644417715655	257.542845	57.587219999999995	244.74568499999998	54.387930000000004
Deribit	1644417721618	257.520305	57.58218	244.724265	54.38317000000001
Lyra	1644417723948	263	54	253	48
Lyra	1644417727964	263	54	253	48
Lyra	1644418772186	258	56	248	50
Deribit	1644418774065	250.56101	59.04941	239.3895	55.85755000000001
Deribit	1644418774070	250.56101	59.04941	239.3895	55.85755000000001
Lyra	1644418776617	258	56	248	50
Deribit	1644418801680	250.387525	60.60335	239.22375	55.818875000000006
Lyra	1644418808715	258	56	248	50
Deribit	1644419738918	241.30532	63.501400000000004	227.017505	60.32633
Lyra	1644419745374	255	57	245	51
Deribit	1644419761639	241.58196	61.984845	227.277765	58.806135
Deribit	1644420864565	241.73319999999998	62.023649999999996	225.82969999999997	58.842949999999995
Lyra	1644420864638	255	57	245	53
Lyra	1644420870258	248	59	238	53
Deribit	1644420871592	241.78336000000002	62.03652	225.87655999999998	58.85516
Lyra	1644420875597	248	59	238	53
Deribit	1644421864345	233.045715	64.999145	220.36295500000003	60.24311
Lyra	1644421868584	243	61	233	55
Deribit	1644421891639	233.09496	65.01288000000001	220.40952000000001	60.25584
Lyra	1644421897823	243	61	233	55
Deribit	1644422933993	248.6055	60.55775	237.45012499999999	57.37049999999999
Lyra	1644422940555	253	58	243	52
Deribit	1644422941684	248.68428000000003	60.57694	237.52537	57.38868
Lyra	1644422945888	253	58	243	52
Deribit	1644422971632	248.30442	60.48441	237.16255499999997	57.301019999999994
Lyra	1644422977767	253	58	243	52
Deribit	1644423976198	243.84375	60.5625	231.09374999999997	57.37499999999999
Lyra	1644423980568	251	58	241	52
Deribit	1644423991638	243.76342499999998	60.54255	231.01762499999998	57.35609999999999
Lyra	1644423995614	251	58	241	52
Deribit	1644425088898	248.94324	59.04423	237.77271	55.852650000000004
Lyra	1644425095956	255	56	245	50
Deribit	1644425101607	249.15852	59.09529	237.97833	55.90095000000001
Lyra	1644425107368	255	56	245	50
Deribit	1644426031865	262.84608000000003	56.095200000000006	248.4216	52.88976
Lyra	1644426038493	265	53	255	47
Deribit	1644426061606	262.8428	56.094500000000004	248.4185	52.889100000000006
Deribit	1644427045441	263.0683	54.53855000000001	250.2357	52.934475000000006
Lyra	1644427049241	265	53	255	47
Lyra	1644427050383	265	53	255	47
Deribit	1644427051628	263.10110000000003	54.545350000000006	250.26690000000002	52.941075000000005
Lyra	1644427056095	265	53	255	47
Lyra	1644428017704	268	52	258	46
Deribit	1644428026277	260.9467	57.6324	248.1395	54.430600000000005
Deribit	1644428041703	261.00538	57.64536	248.1953	54.442840000000004
Lyra	1644428048044	268	52	258	46
Deribit	1644428071631	260.794295	59.198705	247.994575	55.998775
Deribit	1644429076724	262.7936	56.08400000000001	249.9744	54.48160000000001
Lyra	1644429076977	268	52	258	47
Lyra	1644429081979	266	53	256	47
Deribit	1644429091613	262.74358	56.073325000000004	249.92682	54.471230000000006
Lyra	1644429097036	266	53	256	47
Deribit	1644430022526	257.46476	59.16892	243.07232000000002	55.97060000000001
Lyra	1644430028814	263	53	253	47
Deribit	1644430051636	257.476835	59.17169499999999	243.08371999999997	55.973225
Lyra	1644430058162	263	53	253	47
Deribit	1644431067459	255.24	60.619499999999995	240.88275	57.428999999999995
Deribit	1644431072643	255.3272	60.64021	240.965045	57.44862
Lyra	1644431074131	261	54	251	48
Lyra	1644431077460	261	54	251	48
Deribit	1644432033597	249.08442	60.674409999999995	236.31086	57.481019999999994
Deribit	1644432033605	249.08442	60.674409999999995	236.31086	57.481019999999994
Lyra	1644432036785	256	55	246	49
Lyra	1644432039519	256	55	246	49
Deribit	1644432061735	249.19284000000002	59.10343	236.41372	57.50604
Lyra	1644432065570	256	55	246	49
Deribit	1644433023802	259.49646	56.06405	246.68182	54.46222
Lyra	1644433030647	263	53	253	47
Deribit	1644434119593	280.33053	53.166135000000004	260.99739	48.33285
Lyra	1644434123156	283	47	271	41
Lyra	1644434123229	283	47	271	41
Deribit	1644434132099	280.30269	53.160855	257.7496	49.938984999999995
Lyra	1644434135937	283	47	271	41
[31m[Nest]	52976		-	[39m2022/02/10	上午3:31:41	[31m		ERROR[39m	[38;5;3m[Scheduler]	[39m[31mError:	read	ETIMEDOUT[39m
Lyra	1644435102619	297	43	285	37
Deribit	1644435105434	294.61431999999996	48.562799999999996	268.71416	45.32528
Deribit	1644435121611	294.75719	48.58635	268.84447	45.347260000000006
Lyra	1644435127962	293	44	281	38
Deribit	1644435151609	295.05112	48.6348	272.35488000000004	45.392480000000006
Deribit	1644436127897	302.19606	47.11659	279.45011999999997	43.86717
Lyra	1644436129568	293	42	281	36
Lyra	1644436132530	301	42	289	36
Deribit	1644436141670	302.16444	47.11166	279.42087999999995	43.86258
Lyra	1644436145638	301	42	289	36
Lyra	1644437214577	299	43	287	37
Deribit	1644437215229	302.01936	48.7128	276.0392	43.84152
Deribit	1644437221589	298.75435999999996	48.70995	276.02305	45.46262
Lyra	1644437225386	299	43	287	37
Deribit	1644437251694	302.38206	47.145590000000006	279.62212	43.89417
Lyra	1644437258049	299	43	287	37
Deribit	1644438294465	309.5822	45.622640000000004	286.77088	42.36388
Lyra	1644438298239	303	42	291	36
Deribit	1644438301627	309.69525	45.6393	286.87559999999996	42.379349999999995
Lyra	1644438306475	303	42	291	36
Deribit	1644438331607	309.56795	45.620540000000005	286.75768	42.36193
Lyra	1644438337861	303	42	291	36
Deribit	1644438361613	309.52235	45.613820000000004	283.45731	42.35569
Lyra	1644438367125	303	42	291	36
Deribit	1644438391631	306.13732000000005	45.59492	286.59664	43.96653
Lyra	1644438397228	307	41	295	35
Deribit	1644438421616	306.03486	45.579660000000004	283.24503	43.951815
Lyra	1644438427245	307	41	295	35
Deribit	1644438451596	309.70855	45.64126	286.88792	42.38117
Lyra	1644438457256	307	41	295	35
Deribit	1644438481702	309.56605	45.62026	286.75592	42.36167
Lyra	1644438487877	307	41	295	35
Deribit	1644438511604	306.2285	45.6085	286.68199999999996	42.35075
Lyra	1644438517090	307	41	295	35
Deribit	1644438541607	309.69525	44.009325	286.87559999999996	42.379349999999995
Lyra	1644438548041	308	40	296	34
Deribit	1644438571601	309.72375	44.013374999999996	286.902	42.38325
Deribit	1644438601604	309.78075	45.6519	286.9548	42.39105
Lyra	1644438607781	308	40	296	34
Deribit	1644438631603	316.93683	44.109764999999996	290.79771	42.47606999999999
Lyra	1644438637247	308	40	296	34
Lyra	1644438652037	308	40	296	34
Deribit	1644438661601	313.5072	44.086949999999995	293.91299999999995	42.4541
Lyra	1644438667232	309	40	297	34
Deribit	1644438691615	313.06080000000003	45.654700000000005	290.23345	42.39365
Deribit	1644438721619	309.85485	45.66282	287.02344	42.40119
Lyra	1644438732933	309	40	297	34
Lyra	1644438747021	309	40	297	34
Deribit	1644438751604	309.59454999999997	45.62446	286.78231999999997	42.36557
Deribit	1644438781700	309.67055	45.63566	286.85272	42.375969999999995
Lyra	1644438787130	310	40	298	34
Lyra	1644438792018	309	40	297	34
Deribit	1644438811621	309.79785000000004	44.023905	286.97064	42.393390000000004
Lyra	1644438817908	310	40	298	34
Deribit	1644438841608	313.28064	45.68676	287.17392	42.42342
Lyra	1644438847047	310	40	298	34
Deribit	1644438871593	309.8387	44.02971	290.26993999999996	42.39898
Lyra	1644438877263	310	40	298	34
Deribit	1644438901614	313.48992	44.08452	290.63128	42.45176
Lyra	1644438907857	310	40	298	34
Deribit	1644438931611	309.8558	44.03214	290.28596	42.40132
Lyra	1644438937303	310	40	298	34
Deribit	1644438961608	313.2816	44.055225	290.43814999999995	42.42355
Lyra	1644438966984	312	40	300	34
Deribit	1644438991609	313.29216	44.05671	290.44794	42.42498
Lyra	1644438997245	312	40	300	34
Deribit	1644439021703	317.00376	44.11908	294.12719999999996	40.851
Lyra	1644439027822	312	40	300	34
Deribit	1644439051603	313.35648000000003	44.065755	290.50757	42.43369
Lyra	1644439057065	312	40	300	34
Deribit	1644439081617	313.34784	44.06454	290.49956	42.43252
Lyra	1644439087924	312	40	300	34
Deribit	1644439111606	313.24416	44.04996	290.40344	42.418479999999995
Lyra	1644439117325	312	40	300	34
Deribit	1644439141699	313.4016	44.0721	290.5494	42.4398
Lyra	1644439147223	312	40	300	34
Deribit	1644439171625	313.37952	44.068995	290.52893	42.436809999999994
Lyra	1644439177219	312	40	300	34
Deribit	1644439201696	313.49280000000005	44.084925000000005	290.63395	42.45215
Lyra	1644439207908	312	40	301	33
Deribit	1644439231606	309.75605	45.64826	286.93192	42.38767
Lyra	1644439237015	313	39	301	33
Deribit	1644439261607	309.73420000000004	45.64504	286.91168	42.38468
Lyra	1644439267951	313	39	301	33
Deribit	1644439291591	306.25388	45.61228	283.44773999999995	43.98327
Lyra	1644439297084	313	39	301	33
Deribit	1644439321738	306.31028	45.62068	283.49994	43.991369999999996
Lyra	1644439327876	313	39	301	33
Deribit	1644439351601	306.16364	45.59884	283.36422	43.97031
Lyra	1644439356994	310	40	298	34
Deribit	1644439381605	306.19184	45.60304	283.39032	43.974360000000004
Lyra	1644439387819	310	40	298	34
Deribit	1644439411612	306.06024	45.58344	283.26851999999997	43.95546
Lyra	1644439417010	310	40	298	34
Deribit	1644439441627	306.18338	45.60178	283.38248999999996	43.973145
Lyra	1644439447246	310	40	298	34
Deribit	1644439471592	309.60024999999996	45.625299999999996	286.78759999999994	42.36635
Lyra	1644439477306	310	40	298	34
Deribit	1644439501594	306.38924000000003	45.63244	286.83248	42.37298
Lyra	1644439507839	310	40	298	34
Deribit	1644439531619	306.16082	45.598420000000004	283.36161	43.969905000000004
Lyra	1644439537040	310	40	298	34
Deribit	1644439561632	306.06870000000004	45.584700000000005	283.27635	43.956675000000004
Lyra	1644439567935	310	40	298	34
Deribit	1644439591600	305.99914	47.201995000000004	283.21196999999995	43.946685
Lyra	1644439596988	310	40	298	34
Deribit	1644439621605	306.0217	45.5777	283.23285	43.949925
Lyra	1644439627873	310	40	298	34
Deribit	1644439651595	306.11288	47.21954	283.31723999999997	43.96302
Lyra	1644439656983	310	40	298	34
Deribit	1644439681616	309.5765	45.6218	283.5069	42.363099999999996
Lyra	1644439687881	310	40	298	34
Deribit	1644439711651	309.6886	45.63832	286.86944	42.37844
Lyra	1644439717102	310	40	298	34
Deribit	1644439741611	306.22474	45.60794	283.42077	42.350229999999996
Lyra	1644439747895	310	40	298	34
Deribit	1644439771604	306.31968	45.62208	286.76735999999994	42.36335999999999
Lyra	1644439776984	310	40	298	34
Deribit	1644439801700	309.81495	45.65694	290.24769	42.39573
Lyra	1644439807546	310	40	298	34
Deribit	1644439831585	309.7646	45.649519999999995	286.93983999999995	42.388839999999995
Lyra	1644439835468	310	40	298	34
Deribit	1644439861612	305.99914	47.201995000000004	283.21196999999995	43.946685
Lyra	1644439867935	310	40	298	34
Deribit	1644439891607	302.75592	45.57616	283.22328	43.94844
Lyra	1644439897056	310	40	298	34
Deribit	1644439921613	306.1345	45.594500000000004	283.33725	42.33775
Lyra	1644439927899	310	40	298	34
Deribit	1644439951606	306.12322	45.59282	283.32680999999997	43.964505
Lyra	1644439957069	310	40	298	34
Deribit	1644439981623	306.4024	45.6344	286.84479999999996	42.37479999999999
Lyra	1644439987942	310	40	298	34
Deribit	1644440011604	306.44	45.64	286.88	42.379999999999995
Lyra	1644440017041	310	40	298	34
Deribit	1644440041599	309.75605	45.64826	286.93192	42.38767
Lyra	1644440047294	310	40	298	34
Deribit	1644440071599	306.25482	45.61242000000001	286.70664	43.983405000000005
Lyra	1644440077904	310	40	298	34
Deribit	1644440101628	305.98222	47.19938500000001	283.19631	43.944255
Lyra	1644440107042	310	40	298	34
Deribit	1644440131634	302.70662999999996	47.196195	283.17717	43.941285
Lyra	1644440137387	310	40	298	34
Deribit	1644440161627	306.11664	45.59184	283.32072	43.96356
Lyra	1644440167826	310	40	298	34
Deribit	1644440191609	306.37044000000003	45.62964	286.81488	44.00001
Lyra	1644440197006	310	40	298	34
Deribit	1644440221598	306.28114	45.61634	286.73127999999997	43.987185
Lyra	1644440227861	310	40	298	34
Deribit	1644440251601	306.13732000000005	45.59492	283.33986	43.96653
Lyra	1644440256979	310	40	298	34
Deribit	1644440281603	302.6685	45.563	283.1415	43.93575
Lyra	1644440287998	310	40	298	34
Deribit	1644440311611	302.61735	47.182275	279.83969999999994	43.928324999999994
Lyra	1644440317022	310	40	298	34
Deribit	1644440341612	302.36904000000004	47.14356000000001	279.61008	43.89228
Lyra	1644440347397	307	40	295	34
Deribit	1644440371610	306.13544	45.594640000000005	283.33812	43.966260000000005
Lyra	1644440377886	307	40	295	34
Deribit	1644440401629	306.017	45.577	283.2285	43.94925
Lyra	1644440407042	307	40	295	34
Deribit	1644440431647	302.65176	47.18764	283.12584	43.93332
Lyra	1644440437801	308	40	296	34
Deribit	1644440461622	302.51876999999996	45.540459999999996	279.74854	43.914015
Lyra	1644440467174	308	40	296	34
Deribit	1644440491663	305.75192	47.16386	276.4778	43.911179999999995
Lyra	1644440497312	308	40	296	34
Deribit	1644440521614	302.25279	47.125435	276.25255000000004	43.875405
Lyra	1644440527852	308	40	296	34
Deribit	1644440551596	299	47.125	279.5	43.875
Lyra	1644440557075	306	41	294	35
Deribit	1644440581620	298.96504	47.11949	279.46732	43.86987
Lyra	1644440587286	306	41	294	35
Deribit	1644440611610	299.05888	47.134280000000004	279.55503999999996	43.88364
Lyra	1644440617837	306	41	294	35
Deribit	1644440642627	298.9908	47.12355	279.4914	43.87365
Lyra	1644440647028	306	41	294	35
Deribit	1644440671614	298.97516	47.121085	279.47677999999996	43.871355
Lyra	1644440677926	306	41	294	35
Deribit	1644440701623	302.33928	47.138920000000006	279.58256	43.88796
Lyra	1644440707340	306	41	294	35
Deribit	1644440731611	302.56155	47.173575	279.7881	43.920224999999995
Lyra	1644440737242	305	41	293	35
Deribit	1644440761605	302.622	47.183	279.844	43.929
Lyra	1644440768016	305	41	293	35
Deribit	1644440791594	306.1721	45.600100000000005	283.37205	43.971525
Lyra	1644440795392	305	41	293	35
Deribit	1644440821602	306.21346	45.606260000000006	283.41033	43.977465
Lyra	1644440827991	305	41	293	35
Deribit	1644440851591	302.73174	45.57252	283.20065999999997	43.94493
Lyra	1644440856256	305	41	293	35
Deribit	1644440881598	306.03486	45.579660000000004	283.24503	43.951815
Lyra	1644440887609	305	41	293	35
Deribit	1644440911687	306.21064	45.60584	283.40772	43.97706
Lyra	1644440918009	305	41	293	35
Deribit	1644440941623	306.25482	45.61242000000001	286.70664	43.983405000000005
Lyra	1644440947054	306	41	294	35
Deribit	1644440971604	305.97470000000004	45.5707	283.18935	43.943175000000004
Lyra	1644440977234	306	41	294	35
Deribit	1644441001632	302.70105	45.5679	283.17195	43.940475
Lyra	1644441008004	306	41	294	35
Deribit	1644441031737	302.66384999999997	45.5623	283.13714999999996	43.935075
Lyra	1644441037611	306	41	294	35
Deribit	1644441061638	306.06682	45.58442	283.27461	43.956405000000004
Lyra	1644441067016	306	41	294	35
Deribit	1644441091615	302.74104	45.57392	283.20936	43.94628
Lyra	1644441097936	306	41	294	35
Deribit	1644441121645	302.5848	45.550399999999996	283.0632	43.9236
Lyra	1644441127073	306	41	294	35
Deribit	1644441151624	302.51319	47.166035	279.74337999999995	43.913205
Deribit	1644442177133	302.4825	47.16125	279.715	43.90875
Deribit	1644442177141	302.4825	45.535000000000004	279.715	43.90875
Lyra	1644442180732	306	41	291	35
Lyra	1644442182366	303	41	291	35
Lyra	1644442184383	303	41	291	35
Deribit	1644442201614	302.53923000000003	45.54354	279.76745999999997	43.916985000000004
Lyra	1644442207319	303	41	291	35
Deribit	1644443162925	295.38599999999997	47.067	272.66400000000004	45.444
Lyra	1644443169717	300	42	288	36
Deribit	1644443191605	295.40328999999997	47.069755	275.92615	45.44666
Deribit	1644444250862	288.17488	50.18776	268.74736	45.33088
Deribit	1644444250864	288.17488	50.18776	268.74736	45.33088
Lyra	1644444254264	300	44	288	38
Lyra	1644444257969	291	44	279	38
Lyra	1644444258106	291	44	279	38
Deribit	1644444271604	288.18199999999996	50.189	268.754	45.332
Lyra	1644444277287	291	44	279	38
[31m[Nest]	52976		-	[39m2022/02/10	上午6:20:51	[31m		ERROR[39m	[38;5;3m[Scheduler]	[39m[31mError:	timeout	(requestBody="{\"method\":\"eth_call\",\"params\":[{\"from\":\"0x50aef6d15e066194decbdf3026c1f040c98279e8\",\"to\":\"0x43592bffcf14f1e0a096091e125f023b2ccc2525\",\"data\":\"0x3904b0c8000000000000000000000000000000000000000000000000000000000000025500000000000000000000000000000000000000000000000000000000000000000000000000000000000000000000000000000000000000000000000000000001\"},\"latest\"],\"id\":2434,\"jsonrpc\":\"2.0\"}",	requestMethod="POST",	timeout=120000,	url="https://optimism-mainnet.infura.io/v3/644c9f96ba9045548c4639afbd33bcb0",	code=TIMEOUT,	version=web/5.5.1)[39m
Deribit	1644445264391	295.23312	47.042640000000006	272.52288000000004	45.420480000000005
Deribit	1644445264394	295.23312	47.042640000000006	272.52288000000004	45.420480000000005
Deribit	1644445264395	288.74448	47.042640000000006	266.03424	45.420480000000005
Lyra	1644445270166	293	44	281	38
Lyra	1644445271139	293	44	281	38
Deribit	1644445292055	295.11482	47.023790000000005	272.41368	45.40228
Lyra	1644445297117	293	44	281	38
Deribit	1644446280880	288.19802	48.5727	268.76894	46.95361
Deribit	1644446282388	288.19802	48.5727	268.76894	46.95361
Lyra	1644446287322	290	44	278	38
Lyra	1644446288392	290	44	278	38
Deribit	1644447310700	302.38764	45.520720000000004	279.62728	43.89498
Lyra	1644447316474	302	42	290	36
Deribit	1644447331968	302.42577	47.152405	279.66254	43.900515
Lyra	1644447337351	302	42	290	36
Deribit	1644448313852	295.08479	48.64035	272.38596	45.39766
Lyra	1644448320161	297	43	285	37
Deribit	1644448321739	291.8232	48.6372	272.36832000000004	45.39472
Lyra	1644448326572	297	43	285	37
Deribit	1644449296330	287.87673	50.135835	265.23474000000004	46.901265
Lyra	1644449300436	294	44	282	38
Deribit	1644449311676	284.51192	50.112895	265.11338	46.879805000000005
Lyra	1644449317412	294	44	282	38
Deribit	1644450261308	287.91143999999997	50.14188	265.26672	46.90692
Lyra	1644450265168	290	44	278	38
Deribit	1644450272723	287.93992000000003	50.146840000000005	265.29296000000005	46.91156000000001
Lyra	1644450276483	290	44	278	38
Deribit	1644451289465	291.8664	48.6444	272.40864000000005	45.40144
Deribit	1644451291631	291.8709	47.02364500000001	272.41284	45.40214
Lyra	1644451293355	295	43	283	37
Lyra	1644451297241	295	43	283	37
Deribit	1644451321995	291.5559	48.59265	268.87933000000004	45.35314
Lyra	1644451327195	295	43	283	37
Deribit	1644451351634	288.0307	50.16265	265.37660000000005	45.30820000000001
Lyra	1644451357838	295	43	283	37
Deribit	1644452373618	273.61585	53.113665000000005	251.08278	49.894655
Lyra	1644452377934	288	45	276	39
Deribit	1644452401629	277.05587999999995	53.15607	254.50482	49.93449
[31m[Nest]	52976		-	[39m2022/02/10	上午8:36:28	[31m		ERROR[39m	[38;5;3m[Scheduler]	[39m[31mError:	timeout	(requestBody="{\"method\":\"eth_call\",\"params\":[{\"from\":\"0x50aef6d15e066194decbdf3026c1f040c98279e8\",\"to\":\"0x43592bffcf14f1e0a096091e125f023b2ccc2525\",\"data\":\"0x3904b0c8000000000000000000000000000000000000000000000000000000000000025500000000000000000000000000000000000000000000000000000000000000010000000000000000000000000000000000000000000000000000000000000001\"},\"latest\"],\"id\":2582,\"jsonrpc\":\"2.0\"}",	requestMethod="POST",	timeout=120000,	url="https://optimism-mainnet.infura.io/v3/644c9f96ba9045548c4639afbd33bcb0",	code=TIMEOUT,	version=web/5.5.1)[39m
Lyra	1644453393964	279	47	267	41
Lyra	1644453395465	279	47	267	41
Deribit	1644453399258	277.27518	51.58608	254.70627000000002	48.36195
Deribit	1644453399259	277.27518	51.58608	254.70627000000002	48.36195
Deribit	1644453421610	273.9397	53.17653000000001	254.60278000000002	49.95371
Lyra	1644453427873	279	47	267	41
Deribit	1644454463849	270.20784000000003	53.07654000000001	250.90728000000001	49.85978
Lyra	1644454469977	279	47	269	41
Deribit	1644454472600	270.20784000000003	53.07654000000001	250.90728000000001	49.85978
Lyra	1644454476687	279	47	269	41
Deribit	1644455552184	277.37149999999997	51.604	258.02	48.37875
Deribit	1644455552193	280.59675	51.604	258.02	48.37875
Lyra	1644455552754	276	48	266	42
Lyra	1644455555480	276	48	266	42
Deribit	1644455581763	280.63676999999996	51.611360000000005	258.0568	48.38565
Lyra	1644455589065	276	48	266	42
Deribit	1644456591958	269.99616	54.64208	250.71071999999998	49.820719999999994
Lyra	1644456599129	280	47	270	41
Deribit	1644456601650	269.8878	54.62015	247.39714999999998	51.407199999999996
Lyra	1644456605690	280	47	270	41
Deribit	1644456631879	269.76516	54.59533	247.28472999999997	51.38384
[31m[Nest]	52976		-	[39m2022/02/10	上午9:47:47	[31m		ERROR[39m	[38;5;3m[Scheduler]	[39m[31mError:	timeout	(requestBody="{\"method\":\"eth_call\",\"params\":[{\"from\":\"0x50aef6d15e066194decbdf3026c1f040c98279e8\",\"to\":\"0x43592bffcf14f1e0a096091e125f023b2ccc2525\",\"data\":\"0x3904b0c8000000000000000000000000000000000000000000000000000000000000025500000000000000000000000000000000000000000000000000000000000000010000000000000000000000000000000000000000000000000000000000000001\"},\"latest\"],\"id\":2665,\"jsonrpc\":\"2.0\"}",	requestMethod="POST",	timeout=120000,	url="https://optimism-mainnet.infura.io/v3/644c9f96ba9045548c4639afbd33bcb0",	code=TIMEOUT,	version=web/5.5.1)[39m
Deribit	1644457669410	277.45234	51.619040000000005	258.09520000000003	48.392849999999996
Lyra	1644457675655	278	47	268	41
Deribit	1644457681634	277.43944	51.616640000000004	258.0832	48.3906
Lyra	1644457685472	278	47	268	41
Deribit	1644457804885	277.31732	51.59392	254.74498	48.369299999999996
Lyra	1644457809987	278	47	268	41
Deribit	1644457833663	277.27518	51.58608	257.9304	48.36195
Lyra	1644457838182	278	47	268	41
Deribit	1644457861767	277.135	53.17125	254.57750000000001	49.94875
Lyra	1644457865976	278	47	268	41
Deribit	1644457891697	273.86150000000004	53.161350000000006	254.5301	49.93945
Lyra	1644457897891	278	47	268	41
Deribit	1644457921658	277.08597999999995	53.161845	254.53247	49.939915
Lyra	1644457927883	278	47	268	41
Deribit	1644457951638	273.79945000000004	53.149305000000005	254.47243	49.928135
Lyra	1644457957395	278	47	268	41
