
> relayer@0.0.1 start
> nest start

[32m[Nest] 42980  - [39m2022/02/08 下午3:55:18 [32m    LOG[39m [38;5;3m[NestFactory] [39m[32mStarting Nest application...[39m
[32m[Nest] 42980  - [39m2022/02/08 下午3:55:18 [32m    LOG[39m [38;5;3m[InstanceLoader] [39m[32mHttpModule dependencies initialized[39m[38;5;3m +17ms[39m
[32m[Nest] 42980  - [39m2022/02/08 下午3:55:18 [32m    LOG[39m [38;5;3m[InstanceLoader] [39m[32mDiscoveryModule dependencies initialized[39m[38;5;3m +1ms[39m
[32m[Nest] 42980  - [39m2022/02/08 下午3:55:18 [32m    LOG[39m [38;5;3m[InstanceLoader] [39m[32mConfigHostModule dependencies initialized[39m[38;5;3m +0ms[39m
[32m[Nest] 42980  - [39m2022/02/08 下午3:55:18 [32m    LOG[39m [38;5;3m[InstanceLoader] [39m[32mScheduleModule dependencies initialized[39m[38;5;3m +46ms[39m
[32m[Nest] 42980  - [39m2022/02/08 下午3:55:18 [32m    LOG[39m [38;5;3m[InstanceLoader] [39m[32mConfigModule dependencies initialized[39m[38;5;3m +0ms[39m
[32m[Nest] 42980  - [39m2022/02/08 下午3:55:18 [32m    LOG[39m [38;5;3m[InstanceLoader] [39m[32mAppModule dependencies initialized[39m[38;5;3m +0ms[39m
[32m[Nest] 42980  - [39m2022/02/08 下午3:55:18 [32m    LOG[39m [38;5;3m[NestApplication] [39m[32mNest application successfully started[39m[38;5;3m +6ms[39m
Derbit  67.58
Lyra  64.873
Derbit  67.58
Lyra  64.873
Derbit  67.57
Lyra  64.873
Derbit  67.57
Lyra  64.873
Derbit  67.57
Lyra  64.873
Derbit  67.56
Lyra  64.873
Derbit  67.56
Lyra  64.873
Derbit  67.55
Lyra  64.873
Derbit  67.54
Lyra  64.873
Derbit  67.54
Lyra  64.873
Derbit  67.53
Lyra  64.873
Derbit  67.52
Lyra  64.873
Derbit  67.52
Lyra  64.873
Derbit  67.51
Lyra  64.873
Derbit  67.5
Lyra  64.873
Derbit  67.49
Lyra  64.873
Derbit  67.48
Lyra  64.873

> relayer@0.0.1 start
> nest start

[32m[Nest] 48741  - [39m2022/02/08 下午3:59:24 [32m    LOG[39m [38;5;3m[NestFactory] [39m[32mStarting Nest application...[39m
[32m[Nest] 48741  - [39m2022/02/08 下午3:59:24 [32m    LOG[39m [38;5;3m[InstanceLoader] [39m[32mHttpModule dependencies initialized[39m[38;5;3m +17ms[39m
[32m[Nest] 48741  - [39m2022/02/08 下午3:59:24 [32m    LOG[39m [38;5;3m[InstanceLoader] [39m[32mDiscoveryModule dependencies initialized[39m[38;5;3m +0ms[39m
[32m[Nest] 48741  - [39m2022/02/08 下午3:59:24 [32m    LOG[39m [38;5;3m[InstanceLoader] [39m[32mConfigHostModule dependencies initialized[39m[38;5;3m +0ms[39m
[32m[Nest] 48741  - [39m2022/02/08 下午3:59:24 [32m    LOG[39m [38;5;3m[InstanceLoader] [39m[32mScheduleModule dependencies initialized[39m[38;5;3m +48ms[39m
[32m[Nest] 48741  - [39m2022/02/08 下午3:59:24 [32m    LOG[39m [38;5;3m[InstanceLoader] [39m[32mConfigModule dependencies initialized[39m[38;5;3m +0ms[39m
[32m[Nest] 48741  - [39m2022/02/08 下午3:59:24 [32m    LOG[39m [38;5;3m[InstanceLoader] [39m[32mAppModule dependencies initialized[39m[38;5;3m +0ms[39m
[32m[Nest] 48741  - [39m2022/02/08 下午3:59:24 [32m    LOG[39m [38;5;3m[NestApplication] [39m[32mNest application successfully started[39m[38;5;3m +6ms[39m
Deribit  1644307170761  67.41
Lyra  1644307172193  64.873
Deribit  1644307200750  67.4
Lyra  1644307202763  64.873
Deribit  1644307230768  67.43
Lyra  1644307234265  64.873
Deribit  1644307262546  67.39
Lyra  1644307267035  64.873
Deribit  1644307290809  67.37
Lyra  1644307292621  64.873
Deribit  1644307320836  67.36
Lyra  1644307322516  64.873
Lyra  1644307355459  64.873
Deribit  1644307355535  67.35
Deribit  1644307380963  67.33
Lyra  1644307386090  64.873
Deribit  1644307410774  67.3
Lyra  1644307413071  64.873
Deribit  1644307440769  67.27
Lyra  1644307441753  64.873
Deribit  1644307470725  67.23
Lyra  1644307471915  64.873
Deribit  1644307501022  67.18
Lyra  1644307502402  64.873
Deribit  1644307530713  67.09
Lyra  1644307531808  64.873
Deribit  1644307560713  67.01
Lyra  1644307562224  64.873
Deribit  1644307590710  66.94
Lyra  1644307591805  64.873
Deribit  1644307620714  66.86
Lyra  1644307622086  64.873
Deribit  1644307650728  66.79
Lyra  1644307651974  64.873
Deribit  1644307680741  66.71
Lyra  1644307682307  64.873
Deribit  1644307710804  66.63
Lyra  1644307711626  64.873
Deribit  1644307740749  66.56
Lyra  1644307742113  64.873
Deribit  1644307770748  66.51
Lyra  1644307772051  64.873
Deribit  1644307800705  66.47
Lyra  1644307802154  64.873
Deribit  1644307830847  66.41
Lyra  1644307832854  64.873
Deribit  1644307861271  66.37
Lyra  1644307862803  64.873
Deribit  1644307890719  66.33
Lyra  1644307891958  64.873
Deribit  1644307920785  66.29
Lyra  1644307924553  64.873
Deribit  1644307950706  66.25
Lyra  1644307952198  64.873
Lyra  1644307981943  64.873
Deribit  1644307982077  66.22
Deribit  1644308010715  66.2
Lyra  1644308012313  64.873
Deribit  1644308041088  66.19
Lyra  1644308042182  64.873
Deribit  1644308070717  66.17
Lyra  1644308071988  64.873
Deribit  1644308100721  66.14
Lyra  1644308101607  64.873
Deribit  1644308130840  66.12
Lyra  1644308132221  64.873
Deribit  1644308161148  66.13
Lyra  1644308162279  64.873
Deribit  1644308191022  66.12
Lyra  1644308192075  64.873
Deribit  1644308221176  66.12
Lyra  1644308222450  64.873
Deribit  1644308250902  66.11
Lyra  1644308251987  64.873
Deribit  1644308280904  66.11
Lyra  1644308281884  64.873
Deribit  1644308310749  66.13
Lyra  1644308312185  64.873
Deribit  1644308340720  66.15
Lyra  1644308342067  64.873
Lyra  1644308376382  64.873
Deribit  1644308377444  66.16
Lyra  1644308402668  64.873
Deribit  1644308410685  66.16
Lyra  1644308435141  64.873
Deribit  1644308436335  66.16
Deribit  1644308466250  66.17
Lyra  1644308470126  64.873
Deribit  1644308505958  66.19
Lyra  1644308508376  64.873
Deribit  1644308526827  66.18
Lyra  1644308528228  64.873
Lyra  1644308559077  64.873
Deribit  1644308560589  66.18
Lyra  1644308587550  64.873
Deribit  1644308613393  66.18
Lyra  1644308614695  64.873
Deribit  1644308630809  66.17
Lyra  1644308646149  64.873
Deribit  1644308652352  66.18
Lyra  1644308672334  64.873
Deribit  1644308673171  66.18
Deribit  1644308701030  66.16
Lyra  1644308701917  64.873
Deribit  1644308731148  66.16
Lyra  1644308732271  64.873
Deribit  1644308760862  66.15
Lyra  1644308761685  64.873
Deribit  1644308790745  66.15
Lyra  1644308791886  64.873
Deribit  1644308820735  66.15
Lyra  1644308821830  64.873
Deribit  1644308850738  66.15
Lyra  1644308852422  64.873
Deribit  1644308880724  66.13
Lyra  1644308882279  64.873
Deribit  1644308910716  66.11
Lyra  1644308911822  64.873
Deribit  1644308940713  66.1
Lyra  1644308945646  64.873
Deribit  1644308970718  66.09
Lyra  1644308973406  64.873
Deribit  1644309000828  66.08
Lyra  1644309001940  64.873
Deribit  1644309030703  66.06
Lyra  1644309032089  64.873
Deribit  1644309060793  66.05
Lyra  1644309062150  64.873
Deribit  1644309090769  66.04
Lyra  1644309092141  64.873
Deribit  1644310061675  65.83
Lyra  1644310062987  64.873
Deribit  1644310080820  65.83
Lyra  1644310082336  64.873
Deribit  1644311011026  65.95
Lyra  1644311012534  64.873
Deribit  1644311040839  65.95
Lyra  1644311042158  64.873
Deribit  1644312021168  65.93
Lyra  1644312022598  64.873
Deribit  1644312030716  65.93
Lyra  1644312031595  64.873
Lyra  1644312061703  64.873
Deribit  1644312061735  65.91
Deribit  1644313055983  65.76
Lyra  1644313057331  64.873
Deribit  1644314000974  66.3
Lyra  1644314002127  64.873
Deribit  1644314010757  66.31
Lyra  1644314011613  64.873
Deribit  1644314040767  66.33
Lyra  1644314042191  64.873
Deribit  1644315069190  66.83
Lyra  1644315070445  64.873
Deribit  1644315090972  66.82
Lyra  1644315092425  64.873
Deribit  1644316158361  66.6
Lyra  1644316158614  64.873
Deribit  1644316170759  66.61
Lyra  1644316171993  64.873
Deribit  1644317219372  66.67
Lyra  1644317220091  64.873
Deribit  1644317220845  66.67
Lyra  1644317222158  64.873
Deribit  1644318150959  66.24
Lyra  1644318153334  64.873
Deribit  1644318181005  66.23
Lyra  1644318182385  64.873
Deribit  1644319205157  66.1
Lyra  1644319206298  64.873
Deribit  1644319230709  66.09
Lyra  1644319232337  64.873
Deribit  1644320212960  66.21
Lyra  1644320214413  64.873
Deribit  1644320220921  66.21
Lyra  1644320222235  64.873
Deribit  1644321281651  66.46
Lyra  1644321283159  64.873
Deribit  1644321300820  66.47
Lyra  1644321302037  64.873
Deribit  1644322246081  67.18
Lyra  1644322247242  64.873
Deribit  1644322260721  67.18
Lyra  1644322262027  64.873
Deribit  1644323287671  67.73
Deribit  1644323287916  67.73
Lyra  1644323301241  64.873
Lyra  1644323302290  64.873
Deribit  1644323310929  67.77
Lyra  1644323312776  64.873
Deribit  1644323342468  67.82
Lyra  1644323343881  64.873
Deribit  1644324436012  68.06
Lyra  1644324436435  66.113
Deribit  1644324450726  68.06
Lyra  1644324452051  66.113
Deribit  1644325424026  67.98
Lyra  1644325425358  66.113
Deribit  1644325440801  67.99
Lyra  1644325442339  66.113
Deribit  1644326413647  67.74
Deribit  1644326413891  67.74
Lyra  1644326414738  66.113
Lyra  1644326415193  66.113
Deribit  1644326430728  67.74
Lyra  1644326431966  66.113
Deribit  1644327056006  67.53
Lyra  1644327057755  66.113
Deribit  1644327060884  67.52
Lyra  1644327062186  66.113
Deribit  1644327090760  67.51
Lyra  1644327092216  66.113
Deribit  1644328048109  67.38
Lyra  1644328049795  66.113
Deribit  1644328050784  67.38
Lyra  1644328054077  66.113
Deribit  1644329074509  67.28
Lyra  1644329075274  66.113
Deribit  1644329100742  67.25
Lyra  1644329102295  66.113
Deribit  1644329130712  67.23
Lyra  1644329132179  66.113
Deribit  1644330194300  67.16
Lyra  1644330195434  66.113
Deribit  1644330210729  67.15
Lyra  1644330211993  66.113
Deribit  1644330834742  67.06
Lyra  1644330836000  66.113
Deribit  1644330840805  67.06
Lyra  1644330842518  66.113
Deribit  1644330870748  67.04
Lyra  1644330872283  66.113
Deribit  1644330900789  67.04
Lyra  1644330902004  66.113
Deribit  1644330930715  67.04
Lyra  1644330932038  66.113
Deribit  1644330960718  67.02
Lyra  1644330961945  66.113
Deribit  1644330990707  67
Lyra  1644330991694  66.113
Deribit  1644331020718  67
Lyra  1644331021847  66.113
Deribit  1644331050715  66.98
Lyra  1644331052000  66.113
Deribit  1644331080734  66.98
Lyra  1644331082170  66.113
Deribit  1644331110724  66.97
Lyra  1644331111874  66.113
Deribit  1644331140749  66.95
Lyra  1644331141866  66.113
Deribit  1644331170730  66.94
Lyra  1644331171580  66.113
Deribit  1644331200702  66.92
Lyra  1644331202247  66.113
Deribit  1644331230746  66.92
Lyra  1644331231584  66.113
Deribit  1644331260715  66.91
Lyra  1644331261787  66.113
Deribit  1644331290719  66.88
Lyra  1644331292152  66.113
Deribit  1644331320733  66.87
Lyra  1644331322307  66.113
Deribit  1644331350710  66.87
Lyra  1644331352120  66.113
Deribit  1644331380784  66.88
Lyra  1644331381907  66.113
Deribit  1644331410842  66.87
Lyra  1644331412306  66.113
Deribit  1644331440752  66.88
Lyra  1644331441596  66.113
Deribit  1644331470706  66.89
Lyra  1644331471841  66.113
Deribit  1644331500717  66.92
Lyra  1644331501596  66.113
Deribit  1644331530738  66.92
Lyra  1644331532230  66.113
Deribit  1644331560717  66.92
Lyra  1644331562114  66.113
Deribit  1644331590715  66.92
Lyra  1644331592279  66.113
Deribit  1644331620724  66.92
Lyra  1644331621801  66.113
Deribit  1644331650721  66.91
Lyra  1644331654563  66.113
Deribit  1644331680724  66.9
Lyra  1644331681585  66.113
Deribit  1644331710714  66.91
Lyra  1644331712130  66.113
Deribit  1644332335003  67.11
Lyra  1644332335754  66.113
Deribit  1644332340752  67.12
Lyra  1644332342341  66.113
Deribit  1644332370727  67.14
Lyra  1644332372196  66.113
Deribit  1644333333692  67.92
Lyra  1644333333810  66.113
Deribit  1644334325008  68.12
Lyra  1644334325626  66.113
Lyra  1644334325838  66.113
Deribit  1644334350722  68.1
Lyra  1644334351933  66.113
Deribit  1644334380730  68.08
Lyra  1644334382167  66.113
Deribit  1644334410706  68.07
Lyra  1644334412160  66.113
Deribit  1644334440713  68.07
Lyra  1644334442584  66.113
Deribit  1644334470757  68.05
Lyra  1644334471761  66.113
Deribit  1644334500725  68.04
Lyra  1644334501776  66.113
[31m[Nest] 48741  - [39m2022/02/08 下午11:35:11 [31m  ERROR[39m [38;5;3m[Scheduler] [39m[31mError: read ETIMEDOUT[39m
Deribit  1644334530722  68.03
Lyra  1644334532795  66.113
Deribit  1644334560713  68.04
Lyra  1644334561882  66.113
Deribit  1644334590794  68.05
Lyra  1644334591778  66.113
Deribit  1644334620715  68.06
Lyra  1644334621976  66.113
Deribit  1644334650712  68.07
Lyra  1644334651688  66.113
Deribit  1644334680834  68.08
Lyra  1644334681937  66.113
Deribit  1644334710712  68.09
Lyra  1644334711837  66.113
Deribit  1644334740719  68.1
Lyra  1644334742026  66.113
Deribit  1644334770709  68.11
Lyra  1644334772130  66.113
Deribit  1644334801034  68.12
Lyra  1644334801692  66.113
Deribit  1644334830710  68.13
Lyra  1644334832240  66.113
Deribit  1644334860719  68.14
Lyra  1644334862209  66.113
Deribit  1644334890728  68.13
Lyra  1644334891903  66.113
Deribit  1644334920742  68.12
Lyra  1644334921758  66.113
Deribit  1644334950708  68.12
Lyra  1644334951897  66.113
Deribit  1644334980751  68.12
Lyra  1644334981714  66.113
Deribit  1644335010715  68.11
Lyra  1644335011899  66.113
Deribit  1644335040716  68.12
Lyra  1644335041689  66.113
Deribit  1644335070713  68.15
Lyra  1644335072218  66.113
Deribit  1644335100743  68.16
Lyra  1644335101811  66.113
Deribit  1644335130806  68.15
Lyra  1644335131750  66.113
Deribit  1644335160766  68.15
Lyra  1644335161931  66.113
Deribit  1644335190715  68.12
Lyra  1644335192404  66.113
Deribit  1644335814838  67.4
Lyra  1644335816451  66.113
Deribit  1644335820715  67.39
Lyra  1644335821689  66.113
Deribit  1644335850714  67.36
Lyra  1644335852161  66.113
Deribit  1644336794124  66.96
Lyra  1644336795535  66.113
Deribit  1644336810718  66.94
Lyra  1644336812147  66.113
Deribit  1644337816241  66.62
Lyra  1644337817829  66.113
Deribit  1644337830701  66.6
Lyra  1644337831686  66.113
Deribit  1644337860709  66.57
Lyra  1644337861874  66.113
Deribit  1644337890705  66.54
Lyra  1644337891778  66.113
Deribit  1644337920713  66.51
Lyra  1644337922400  66.113
Deribit  1644337950705  66.47
Lyra  1644337952080  66.113
Deribit  1644337980719  66.44
Lyra  1644337982001  66.113
Deribit  1644338010738  66.41
Lyra  1644338011699  66.113
Deribit  1644338040709  66.39
Lyra  1644338042140  66.113
Deribit  1644338070706  66.38
Lyra  1644338071919  66.113
Deribit  1644338100711  66.38
Lyra  1644338101686  66.113
Deribit  1644338130715  66.39
Lyra  1644338132288  66.113
Deribit  1644338160747  66.39
Lyra  1644338162417  66.113
Deribit  1644338190706  66.38
Lyra  1644338192912  66.113
Deribit  1644338220725  66.37
Lyra  1644338221867  66.113
Deribit  1644338250714  66.36
Lyra  1644338251682  66.113
Deribit  1644338280719  66.35
Lyra  1644338282289  66.113
Deribit  1644338310706  66.32
Lyra  1644338311818  66.113
Deribit  1644338340726  66.3
Lyra  1644338341860  66.113
Deribit  1644338370700  66.28
Lyra  1644338371655  66.113
Deribit  1644338400731  66.26
Lyra  1644338402326  66.113
Deribit  1644338430708  66.25
Lyra  1644338432099  66.113
Deribit  1644338460718  66.23
Lyra  1644338461685  66.113
Deribit  1644338490711  66.21
Lyra  1644338491858  66.113
Deribit  1644338520709  66.2
Lyra  1644338521831  66.113
Deribit  1644338550713  66.2
Lyra  1644338551662  66.113
Deribit  1644338580715  66.21
Lyra  1644338581825  66.113
Deribit  1644338610710  66.2
Lyra  1644338611717  66.113
Deribit  1644338640720  66.21
Lyra  1644338641822  66.113
Deribit  1644338670708  66.22
Lyra  1644338671670  66.113
Deribit  1644339710240  66.68
Deribit  1644339720717  66.67
Lyra  1644339720816  66.113
Lyra  1644339722259  66.113
Deribit  1644339750745  66.64
Lyra  1644339751889  66.113
Deribit  1644339780730  66.61
Lyra  1644339781825  66.113
Deribit  1644340785497  66.79
Lyra  1644340787017  66.113
Deribit  1644340800725  66.8
Lyra  1644340801780  66.113
Deribit  1644340830713  66.81
Lyra  1644340831819  66.113
Deribit  1644340860717  66.82
Lyra  1644340861913  66.113
Deribit  1644340890721  66.83
Lyra  1644340892078  66.113
Deribit  1644340920712  66.84
Lyra  1644340921693  66.113
Deribit  1644340950705  66.85
Lyra  1644340951781  66.113
Deribit  1644340980713  66.87
Lyra  1644340982174  66.113
Deribit  1644341010717  66.88
Lyra  1644341012048  66.113
Deribit  1644341040712  66.9
Lyra  1644341041630  66.113
Deribit  1644341070716  66.9
Lyra  1644341071760  66.113
Deribit  1644341100716  66.89
Lyra  1644341101790  66.113
Deribit  1644341130730  66.89
Lyra  1644341132263  66.113
Deribit  1644341160726  66.88
Lyra  1644341161875  66.113
Deribit  1644341190714  66.88
Lyra  1644341191839  66.113
Deribit  1644341220725  66.87
Lyra  1644341221687  66.113
Deribit  1644341250733  66.87
Lyra  1644341251826  66.113
Deribit  1644341280725  66.88
Lyra  1644341281685  66.113
Deribit  1644341310711  66.9
Lyra  1644341311801  66.113
Deribit  1644341340712  66.91
Lyra  1644341342212  66.113
Deribit  1644341370708  66.91
Lyra  1644341371791  66.113
Deribit  1644341400715  66.9
Lyra  1644341401675  66.113
Deribit  1644341430713  66.9
Lyra  1644341432292  66.113
Deribit  1644341460724  66.88
Lyra  1644341461831  66.113
Deribit  1644341490733  66.86
Lyra  1644341491831  66.113
Deribit  1644341520708  66.84
Lyra  1644341521742  66.113
Deribit  1644341550709  66.82
Lyra  1644341551820  66.113
Deribit  1644341580719  66.78
Lyra  1644341581845  66.113
Deribit  1644341610704  66.75
Lyra  1644341611664  66.113
Deribit  1644341640722  66.74
Lyra  1644341641858  66.113
Deribit  1644342264614  66.93
Lyra  1644342265777  66.113
Deribit  1644342270700  66.94
Lyra  1644342271693  66.113
Deribit  1644342300711  66.96
Lyra  1644342302444  66.113
Deribit  1644343399338  67.1
Lyra  1644343401095  66.113
Deribit  1644343410717  67.1
Lyra  1644343411677  66.113
Deribit  1644344359673  66.97
Lyra  1644344361121  66.113
Deribit  1644344370701  66.96
Lyra  1644344371673  66.113
Deribit  1644344400745  66.95
Lyra  1644344402323  66.113
Deribit  1644344430733  66.94
Lyra  1644344431891  66.113
Deribit  1644344460715  66.93
Lyra  1644344461882  66.113
Deribit  1644344490705  66.91
Lyra  1644344491891  66.113
Deribit  1644344520708  66.9
Lyra  1644344521785  66.113
Deribit  1644344550702  66.89
Lyra  1644344551702  66.113
Deribit  1644344580699  66.89
Lyra  1644344582429  66.113
Deribit  1644344610711  66.89
Lyra  1644344611895  66.113
Deribit  1644344640705  66.91
Lyra  1644344641824  66.113
Deribit  1644344670715  66.91
Lyra  1644344671743  66.113
Deribit  1644344700717  66.93
Lyra  1644344701843  66.113
Deribit  1644344730703  66.93
Lyra  1644344731834  66.113
Deribit  1644344760702  66.95
Lyra  1644344761681  66.113
Deribit  1644344790696  66.95
Lyra  1644344791826  66.113
Deribit  1644344820709  66.96
Lyra  1644344821678  66.113
Deribit  1644344850702  66.97
Lyra  1644344851873  66.113
Deribit  1644344880702  66.96
Lyra  1644344881880  66.113
Deribit  1644344910705  66.94
Lyra  1644344911816  66.113
Deribit  1644344940705  66.92
Lyra  1644344941747  66.113
Deribit  1644344970708  66.89
Lyra  1644344971850  66.113
Deribit  1644345000723  66.87
Lyra  1644345003688  66.113
Deribit  1644345030705  66.84
Lyra  1644345031661  66.113
Deribit  1644345060707  66.81
Lyra  1644345061961  66.113
Deribit  1644345090750  66.76
Lyra  1644345091846  66.113
Deribit  1644345120714  66.72
Lyra  1644345121697  66.113
Deribit  1644345150702  66.69
Lyra  1644345151810  66.113
Deribit  1644345180702  66.66
Lyra  1644345181758  66.113
Deribit  1644345210708  66.64
Lyra  1644345212358  66.113
Deribit  1644345240733  66.61
Lyra  1644345241845  66.113
Deribit  1644346216930  66.23
Lyra  1644346218604  66.113
Deribit  1644346230775  66.24
Lyra  1644346232709  66.113
Deribit  1644347168930  66.32
Lyra  1644347169980  66.113
Deribit  1644347190716  66.31
Lyra  1644347191870  66.113
Deribit  1644347220714  66.31
Lyra  1644347221851  66.113
Lyra  1644348230174  66.113
Deribit  1644348233374  66.39
Deribit  1644348240702  66.4
Lyra  1644348241674  66.113
Deribit  1644348270707  66.42
Lyra  1644348271840  66.113
Deribit  1644348300708  66.43
Lyra  1644348301826  66.113
Deribit  1644348330726  66.44
Lyra  1644348331856  66.113
Deribit  1644348360717  66.47
Lyra  1644348361905  66.113
Deribit  1644348390710  66.51
Lyra  1644348391689  66.113
Deribit  1644348420702  66.55
Lyra  1644348421807  66.113
Deribit  1644348450748  66.58
Lyra  1644348451861  66.113
Deribit  1644348480696  66.62
Lyra  1644348481902  66.113
Deribit  1644348510716  66.66
Lyra  1644348511676  66.113
Deribit  1644348540783  66.69
Lyra  1644348541878  66.113
Deribit  1644348570708  66.72
Lyra  1644348571686  66.113
Deribit  1644348600730  66.75
Lyra  1644348602537  66.113
Deribit  1644348630716  66.77
Lyra  1644348631820  66.113
Deribit  1644348660706  66.79
Lyra  1644348661726  66.113
Deribit  1644348690703  66.79
Lyra  1644348692275  66.113
Deribit  1644348720726  66.81
Lyra  1644348721839  66.113
Deribit  1644348750706  66.82
Lyra  1644348751704  66.113
Deribit  1644348780709  66.84
Lyra  1644348781842  66.113
Deribit  1644348810704  66.86
Lyra  1644348811688  66.113
Deribit  1644348840698  66.84
Lyra  1644348842370  66.113
Deribit  1644348870701  66.82
Lyra  1644348871799  66.113
Deribit  1644348900714  66.79
Lyra  1644348901709  66.113
Deribit  1644348930711  66.76
Lyra  1644348931774  66.113
Deribit  1644348960707  66.73
Lyra  1644348961866  66.113
Deribit  1644348990703  66.69
Lyra  1644348991756  66.113
Deribit  1644349020703  66.66
Lyra  1644349021898  66.113
Deribit  1644349050730  66.64
Lyra  1644349051875  66.113
Deribit  1644349080737  66.62
Lyra  1644349081794  66.113
Deribit  1644350018485  66.77
Deribit  1644350018723  66.77
Lyra  1644350020185  66.113
Lyra  1644350020189  66.113
Deribit  1644350041160  66.76
Lyra  1644350042809  66.113
Deribit  1644351045974  66.41
Lyra  1644351047081  66.113
Deribit  1644351060740  66.39
Lyra  1644351061830  66.113
Deribit  1644352133947  66.16
Lyra  1644352135085  66.113
Deribit  1644352140710  66.16
Lyra  1644352141784  66.113
Deribit  1644352170709  66.15
Lyra  1644352171838  66.113
Deribit  1644352200713  66.16
Lyra  1644352202443  66.113
Deribit  1644352230705  66.14
Lyra  1644352231830  66.113
Deribit  1644352260714  66.13
Lyra  1644352261839  66.113
Deribit  1644352290702  66.12
Lyra  1644352291686  66.113
Deribit  1644352320704  66.12
Lyra  1644352322203  66.113
Deribit  1644352350707  66.1
Lyra  1644352351852  66.113
Deribit  1644352380713  66.09
Lyra  1644352381861  66.113
Deribit  1644352410704  66.08
Lyra  1644352411815  66.113
Deribit  1644352440721  66.05
Lyra  1644352441862  66.113
Deribit  1644352470707  66.03
Lyra  1644352471685  66.113
Deribit  1644352500727  66.01
Lyra  1644352502546  66.113
Deribit  1644352530707  65.99
Lyra  1644352531851  66.113
Deribit  1644352560705  65.97
Lyra  1644352561662  66.113
Deribit  1644352590703  65.97
Lyra  1644352592284  66.113
Deribit  1644352620715  65.97
Lyra  1644352621856  66.113
Deribit  1644352650706  65.97
Lyra  1644352651691  66.113
Deribit  1644352680707  65.95
Lyra  1644352681846  66.113
Deribit  1644352710713  65.93
Lyra  1644352711684  66.113
Deribit  1644352740705  65.92
Lyra  1644352742219  66.113
Deribit  1644352770729  65.89
Lyra  1644352771890  66.113
Deribit  1644352800709  65.87
Lyra  1644352801805  66.113
Deribit  1644352830703  65.86
Lyra  1644352831981  66.113
Deribit  1644352860707  65.85
Lyra  1644352861681  66.113
Deribit  1644352890707  65.85
Lyra  1644352891828  66.113
Deribit  1644352920712  65.84
Lyra  1644352921886  66.113
Deribit  1644352950718  65.82
Lyra  1644352951674  66.113
Deribit  1644352980750  65.81
Lyra  1644352981838  66.113
Deribit  1644353010706  65.8
Lyra  1644353011799  66.113
Deribit  1644354007965  65.96
Lyra  1644354009025  66.113
Deribit  1644354030965  65.96
Lyra  1644354035392  66.113
Deribit  1644354060811  65.96
Lyra  1644354061884  66.113
Deribit  1644355010798  66.13
Lyra  1644355012574  66.113
Deribit  1644355020817  66.13
Lyra  1644355022224  66.113
Deribit  1644355976005  65.9
Lyra  1644355977167  66.113
Deribit  1644355980727  65.9
Lyra  1644355982206  66.113
Deribit  1644356010714  65.87
Lyra  1644356011843  66.113
Deribit  1644356040723  65.85
Lyra  1644356041979  66.113
Deribit  1644356070708  65.83
Lyra  1644356071859  66.113
Deribit  1644356100713  65.81
Lyra  1644356101684  66.113
Deribit  1644356130707  65.79
Lyra  1644356132273  66.113
Deribit  1644356160722  65.76
Lyra  1644356161917  66.113
Deribit  1644356190701  65.74
Lyra  1644356191681  66.113
Deribit  1644356220710  65.73
Lyra  1644356221851  66.113
Deribit  1644356250723  65.72
Lyra  1644356251781  66.113
Deribit  1644356280721  65.72
Lyra  1644356282046  66.113
Deribit  1644356310718  65.7
Lyra  1644356312016  66.113
Deribit  1644356340720  65.69
Lyra  1644356341888  66.113
Deribit  1644356370701  65.71
Lyra  1644356371703  66.113
Deribit  1644356400712  65.71
Lyra  1644356401844  66.113
Deribit  1644356430705  65.72
Lyra  1644356431684  66.113
Deribit  1644356460714  65.72
Lyra  1644356461921  66.113
Deribit  1644356490703  65.72
Lyra  1644356492220  66.113
Deribit  1644356520721  65.73
Lyra  1644356522020  66.113
Deribit  1644356550711  65.73
Lyra  1644356551801  66.113
Deribit  1644356580725  65.74
Lyra  1644356581692  66.113
Deribit  1644356610737  65.75
Lyra  1644356611863  66.113
Deribit  1644356640716  65.75
Lyra  1644356641692  66.113
Deribit  1644356670705  65.74
Lyra  1644356671868  66.113
Deribit  1644356700706  65.75
Lyra  1644356701786  66.113
Deribit  1644356730712  65.75
Lyra  1644356731883  66.113
Deribit  1644356760713  65.75
Lyra  1644356761875  66.113
Deribit  1644356790711  65.72
Lyra  1644356791755  66.113
Deribit  1644356820718  65.69
Lyra  1644356821848  66.113
Deribit  1644356850696  65.69
Lyra  1644356851688  66.113
Deribit  1644357870331  65.61
Deribit  1644357870670  65.61
Lyra  1644357871450  66.113
Lyra  1644357871802  66.113
Deribit  1644357900779  65.61
Lyra  1644357902004  66.113
Deribit  1644358876526  65.41
Lyra  1644358877661  66.113
Deribit  1644358890796  65.4
Lyra  1644358891983  66.113
Deribit  1644358920713  65.39
Lyra  1644358921429  66.113
Deribit  1644358950867  65.38
Lyra  1644358951761  66.113
Deribit  1644358980715  65.38
Lyra  1644358981710  66.113
Deribit  1644359010719  65.37
Lyra  1644359011836  66.113
Deribit  1644359040747  65.38
Lyra  1644359042003  66.113
Deribit  1644359070726  65.4
Lyra  1644359071839  66.113
Deribit  1644359100721  65.4
Lyra  1644359102403  66.113
Deribit  1644359130781  65.39
Lyra  1644359132011  66.113
Deribit  1644359160784  65.38
Lyra  1644359161754  66.113
Deribit  1644359190786  65.36
Lyra  1644359192109  66.113
Deribit  1644359220722  65.36
Lyra  1644359221726  66.113
Deribit  1644359250709  65.36
Lyra  1644359252434  66.113
Deribit  1644359280714  65.36
Lyra  1644359282712  66.113
Deribit  1644359310708  65.36
Lyra  1644359311769  66.113
Deribit  1644359340717  65.36
Lyra  1644359342035  66.113
Deribit  1644359370710  65.36
Lyra  1644359371698  66.113
Deribit  1644359400711  65.37
Lyra  1644359401936  66.113
Deribit  1644359430919  65.37
Lyra  1644359432412  66.113
Deribit  1644359460744  65.37
Lyra  1644359461865  66.113
Deribit  1644359490710  65.39
Lyra  1644359491689  66.113
Deribit  1644359520725  65.39
Lyra  1644359521949  66.113
Deribit  1644359550711  65.4
Lyra  1644359551862  66.113
Deribit  1644359580718  65.42
Lyra  1644359581688  66.113
Deribit  1644359610716  65.44
Lyra  1644359612060  66.113
Deribit  1644359640719  65.44
Lyra  1644359641685  66.113
Deribit  1644359670722  65.45
Lyra  1644359671844  66.113
Deribit  1644359700740  65.48
Lyra  1644359701802  66.113
Deribit  1644359730721  65.46
Lyra  1644359731931  66.113
Deribit  1644359760708  65.47
Lyra  1644359761833  66.113
Deribit  1644360715004  65.18
Lyra  1644360716587  66.113
Deribit  1644360720710  65.19
Lyra  1644360722200  66.113
Deribit  1644361745017  65.36
Lyra  1644361746103  66.113
Deribit  1644361770753  65.33
Lyra  1644361771888  66.113
Deribit  1644362705980  65.3
Lyra  1644362707107  66.113
Deribit  1644362730775  65.3
Lyra  1644362732032  66.113
Deribit  1644362760728  65.32
Lyra  1644362761874  66.113
Deribit  1644362790712  65.31
Lyra  1644362791995  66.113
Deribit  1644362820721  65.3
Lyra  1644362821944  66.113
Deribit  1644362850712  65.29
Lyra  1644362851686  66.113
Deribit  1644362880715  65.29
Lyra  1644362881875  66.113
Deribit  1644362910718  65.28
Lyra  1644362912200  66.113
Deribit  1644362940723  65.27
Lyra  1644362941873  66.113
Deribit  1644362970713  65.26
Lyra  1644362971694  66.113
Deribit  1644363000712  65.25
Lyra  1644363001966  66.113
Deribit  1644363030717  65.24
Lyra  1644363031684  66.113
Deribit  1644363060736  65.24
Lyra  1644363062207  66.113
Deribit  1644363090718  65.24
Lyra  1644363091812  66.113
Deribit  1644363120721  65.24
Lyra  1644363121872  66.113
Deribit  1644363150698  65.25
Lyra  1644363151697  66.113
Deribit  1644363180710  65.27
Lyra  1644363181880  66.113
Deribit  1644363210713  65.26
Lyra  1644363211863  66.113
Deribit  1644363240706  65.28
Lyra  1644363241877  66.113
Deribit  1644363270721  65.3
Lyra  1644363271692  66.113
Deribit  1644363300719  65.3
Lyra  1644363302369  66.113
Deribit  1644363330728  65.3
Lyra  1644363331826  66.113
Deribit  1644363360716  65.3
Lyra  1644363361860  66.113
Deribit  1644363390708  65.28
Lyra  1644363391787  66.113
Deribit  1644363420711  65.28
Lyra  1644363421862  66.113
Deribit  1644363450728  65.28
Lyra  1644363451851  66.113
Deribit  1644363480733  65.3
Lyra  1644363481691  66.113
Deribit  1644363510708  65.3
Lyra  1644363511841  66.113
Deribit  1644363540713  65.31
Lyra  1644363541695  66.113
Deribit  1644363570714  65.32
Lyra  1644363572202  66.113
Deribit  1644363600722  65.31
Lyra  1644363601962  66.113
Deribit  1644364615687  65.07
Lyra  1644364617116  66.113
Deribit  1644364620719  65.07
Lyra  1644364622106  66.113
Deribit  1644365679448  65.21
Lyra  1644365680559  66.113
Deribit  1644365700721  65.22
Lyra  1644365701975  66.113
Deribit  1644365730724  65.23
Lyra  1644365731792  66.113
Deribit  1644366665022  65.15
Lyra  1644366666762  66.113
Deribit  1644366690724  65.16
Lyra  1644366691857  66.113
Deribit  1644366720782  65.15
Lyra  1644366721910  66.113
Deribit  1644366750732  65.14
Lyra  1644366751789  66.113
Deribit  1644366780705  65.14
Lyra  1644366781842  66.113
Deribit  1644366810719  65.14
Lyra  1644366811683  66.113
Deribit  1644366840745  65.15
Lyra  1644366841927  66.113
Deribit  1644366870729  65.14
Lyra  1644366871877  66.113
Deribit  1644366900739  65.15
Lyra  1644366902827  66.113
Deribit  1644366930718  65.15
Lyra  1644366931685  66.113
Deribit  1644366960709  65.14
Lyra  1644366962012  66.113
Deribit  1644366990715  65.13
Lyra  1644366992157  66.113
Deribit  1644367020767  65.11
Lyra  1644367021936  66.113
Deribit  1644367050738  65.11
Lyra  1644367051908  66.113
Deribit  1644367080712  65.11
Lyra  1644367082018  66.113
Deribit  1644367110756  65.12
Lyra  1644367111788  66.113
Deribit  1644367140707  65.14
Lyra  1644367143118  66.113
Deribit  1644367170753  65.14
Lyra  1644367171780  66.113
Deribit  1644367200802  65.14
Lyra  1644367202257  66.113
Deribit  1644367230720  65.13
Lyra  1644367232040  66.113
Deribit  1644367260723  65.13
Lyra  1644367261851  66.113
Deribit  1644367290729  65.12
Lyra  1644367291850  66.113
Deribit  1644367320729  65.11
Lyra  1644367321742  66.113
Deribit  1644367350707  65.1
Lyra  1644367352273  66.113
Deribit  1644367380729  65.11
Lyra  1644367381884  66.113
Deribit  1644367410733  65.1
Lyra  1644367411721  66.113
Deribit  1644367440776  65.1
Lyra  1644367441950  66.113
Deribit  1644367470741  65.09
Lyra  1644367471687  66.113
Deribit  1644367500743  65.1
Lyra  1644367501809  66.113
Deribit  1644367530714  65.1
Lyra  1644367531685  66.113
Deribit  1644368534207  65.19
Lyra  1644368535361  66.113
Deribit  1644368550723  65.19
Lyra  1644368551909  66.113
Deribit  1644368580734  65.19
Lyra  1644368581836  66.113
Deribit  1644369656294  65.2
Lyra  1644369657672  66.113
Deribit  1644369660708  65.2
Lyra  1644369662101  66.113
Deribit  1644369690715  65.21
Lyra  1644369691846  66.113
Deribit  1644369720701  65.22
Lyra  1644369721687  66.113
Deribit  1644369750722  65.23
Lyra  1644369751849  66.113
Deribit  1644369780700  65.24
Lyra  1644369781845  66.113
Deribit  1644369810711  65.23
Lyra  1644369811680  66.113
Deribit  1644369840708  65.25
Lyra  1644369841837  66.113
Deribit  1644369870720  65.25
Lyra  1644369871686  66.113
Deribit  1644369900721  65.26
Lyra  1644369902239  66.113
Deribit  1644369930709  65.26
Lyra  1644369931900  66.113
Deribit  1644369960751  65.25
Lyra  1644369961728  66.113
Deribit  1644369990764  65.24
Lyra  1644369991856  66.113
Deribit  1644370020712  65.25
Lyra  1644370021900  66.113
Deribit  1644370050705  65.26
Lyra  1644370052187  66.113
Deribit  1644370080744  65.28
Lyra  1644370081890  66.113
Deribit  1644370110994  65.28
Lyra  1644370112219  66.113
Deribit  1644370140720  65.29
Lyra  1644370142152  66.113
Deribit  1644370170704  65.3
Lyra  1644370171700  66.113
Deribit  1644370200713  65.31
Lyra  1644370202177  66.113
Deribit  1644370230709  65.32
Lyra  1644370231706  66.113
Deribit  1644370260757  65.32
Lyra  1644370261658  66.113
Deribit  1644370290712  65.33
Lyra  1644370291700  66.113
Deribit  1644370320718  65.33
Lyra  1644370322332  66.113
Deribit  1644370350724  65.32
Lyra  1644370351835  66.113
Lyra  1644370381953  66.113
Deribit  1644370382442  65.32
Deribit  1644370410726  65.31
Lyra  1644370412261  66.113
Deribit  1644370440716  65.31
Lyra  1644370441956  66.113
Deribit  1644370470712  65.3
Lyra  1644370471694  66.113
Deribit  1644370500713  65.3
Lyra  1644370502198  66.113
Deribit  1644370530738  65.3
Lyra  1644370531851  66.113
Deribit  1644371461234  65.42
Deribit  1644371461236  65.42
Lyra  1644371462621  66.113
Lyra  1644371462893  66.113
Deribit  1644371567599  65.47
Lyra  1644371568772  66.113
Deribit  1644371580738  65.47
Lyra  1644371581712  66.113
Deribit  1644371610734  65.49
Lyra  1644371611800  66.113
Deribit  1644371640777  65.52
Lyra  1644371641930  66.113
Deribit  1644371670731  65.56
Lyra  1644371672128  66.113
Deribit  1644371700829  65.55
Lyra  1644371702122  66.113
Deribit  1644371731247  65.54
Lyra  1644371731955  66.113
Lyra  1644371761692  66.113
Deribit  1644371761723  65.53
Deribit  1644371790754  65.53
Lyra  1644371792094  66.113
Deribit  1644371820720  65.52
Lyra  1644371821855  66.113
Deribit  1644371850740  65.5
Lyra  1644371853289  66.113
Lyra  1644371883991  66.113
Deribit  1644371906202  65.5
Deribit  1644371911112  65.5
Lyra  1644371911903  66.113
Deribit  1644371940814  65.51
Lyra  1644371944298  66.113
Deribit  1644371971097  65.52
Lyra  1644371972332  66.113
Lyra  1644372002289  66.113
Deribit  1644372002374  65.53
Deribit  1644372030846  65.51
Lyra  1644372032102  66.113
Deribit  1644372060759  65.49
Lyra  1644372061937  66.113
Deribit  1644372090743  65.48
Lyra  1644372091793  66.113
Deribit  1644372120727  65.47
Lyra  1644372121975  66.113
Deribit  1644372150766  65.46
Lyra  1644372152255  66.113
Deribit  1644372180738  65.46
Lyra  1644372182143  66.113
Deribit  1644372210729  65.45
Lyra  1644372212434  66.113
Deribit  1644372240809  65.47
Lyra  1644372241984  66.113
Deribit  1644372270730  65.48
Lyra  1644372271841  66.113
Deribit  1644372300728  65.49
Lyra  1644372301708  66.113
Deribit  1644372330712  65.48
Lyra  1644372332226  66.113
Deribit  1644372360723  65.46
Lyra  1644372362014  66.113
Deribit  1644372390746  65.46
[31m[Nest] 48741  - [39m2022/02/09 上午10:06:39 [31m  ERROR[39m [38;5;3m[Scheduler] [39m[31mError: missing revert data in call exception (error={"reason":"missing response","code":"SERVER_ERROR","requestBody":"{\"method\":\"eth_call\",\"params\":[{\"from\":\"0x50aef6d15e066194decbdf3026c1f040c98279e8\",\"to\":\"0x43592bffcf14f1e0a096091e125f023b2ccc2525\",\"data\":\"0x236c70d1000000000000000000000000000000000000000000000000000000000000025d\"},\"latest\"],\"id\":1165,\"jsonrpc\":\"2.0\"}","requestMethod":"POST","serverError":{"errno":-61,"code":"ECONNREFUSED","syscall":"connect","address":"35.169.165.156","port":443},"url":"https://optimism-mainnet.infura.io/v3/644c9f96ba9045548c4639afbd33bcb0"}, data="0x", code=CALL_EXCEPTION, version=providers/5.5.2)[39m
Deribit  1644372420765  65.47
Lyra  1644372421957  66.113
Deribit  1644372450725  65.48
Lyra  1644372452454  66.113
Deribit  1644372482481  65.49
Lyra  1644372483570  66.113
Deribit  1644372510744  65.52
Lyra  1644372511939  66.113
Lyra  1644372543677  66.113
Deribit  1644372546507  65.54
Deribit  1644372570765  65.56
Lyra  1644372574371  66.113
Deribit  1644372600733  65.59
Lyra  1644372601899  66.113
Deribit  1644372630736  65.63
Lyra  1644372632371  66.113
Lyra  1644372662399  66.113
Deribit  1644372664774  65.67
Deribit  1644372690725  65.7
Lyra  1644372693117  66.113
Deribit  1644372720708  65.72
Lyra  1644372722060  66.113
Deribit  1644372750913  65.75
Lyra  1644372751883  66.113
Deribit  1644372780746  65.79
Lyra  1644372782006  66.113
Deribit  1644372810946  65.84
Lyra  1644372812073  66.113
Deribit  1644372840885  65.89
Lyra  1644372842150  66.113
Lyra  1644372872088  66.113
Deribit  1644372872399  65.92
Deribit  1644372901319  65.96
Lyra  1644372902204  66.113
Deribit  1644372930807  65.97
Lyra  1644372931725  66.113
Lyra  1644372963504  66.113
Deribit  1644372963724  65.97
Deribit  1644372991640  65.98
Lyra  1644372991919  66.113
Deribit  1644373022194  66
Lyra  1644373022611  66.113
Deribit  1644373051584  66.01
Lyra  1644373052664  66.113
Deribit  1644373080754  66.02
Lyra  1644373081949  66.113
Lyra  1644373111578  66.113
Deribit  1644373112641  66.03
Lyra  1644373143094  66.113
Deribit  1644373146697  66.03
Lyra  1644373172954  66.113
Deribit  1644373177963  66.03
Deribit  1644373200865  66.04
Lyra  1644373202655  66.113
Lyra  1644373231713  66.113
Deribit  1644373236963  66.04
Deribit  1644373261033  66.06
Lyra  1644373263144  66.113
Deribit  1644373290897  66.07
Lyra  1644373291655  66.113
Lyra  1644373322207  66.113
Deribit  1644373322337  66.09
Deribit  1644373350761  66.12
Lyra  1644373351714  66.113
Deribit  1644373380883  66.16
Lyra  1644373382230  66.113
Deribit  1644373410796  66.15
Lyra  1644373412170  66.113
Deribit  1644373440773  66.16
Lyra  1644373442437  66.113
Deribit  1644373470802  66.15
Lyra  1644373471430  66.113
Deribit  1644373501185  66.15
Lyra  1644373502235  66.113
Deribit  1644373531059  66.14
Lyra  1644373532743  66.113
Deribit  1644373561940  66.13
Lyra  1644373562193  66.113
Deribit  1644373591134  66.13
Lyra  1644373592129  66.113
Deribit  1644373621281  66.15
Lyra  1644373623214  66.113
Deribit  1644373650737  66.16
Lyra  1644373652146  66.113
Deribit  1644373680843  66.16
Lyra  1644373682070  66.113
Lyra  1644373714426  66.113
Deribit  1644373714443  66.16
Deribit  1644373740999  66.16
Lyra  1644373742086  66.113
Deribit  1644373770739  66.16
Lyra  1644373772469  66.113
Deribit  1644373800989  66.16
Lyra  1644373807089  66.113
Deribit  1644373831175  66.17
Lyra  1644373832297  66.113
Lyra  1644373863399  66.113
Deribit  1644373865205  66.19
Lyra  1644373892106  66.113
Deribit  1644373896311  66.21
Deribit  1644373921518  66.24
Lyra  1644373938812  66.113
Lyra  1644373953837  66.113
Deribit  1644373954096  66.25
Deribit  1644373982029  66.26
Lyra  1644373984418  66.113
Deribit  1644374011240  66.27
Lyra  1644374011607  66.113
Deribit  1644374040831  66.29
Lyra  1644374041789  66.113
Lyra  1644374072210  66.113
Deribit  1644374074503  66.32
Deribit  1644374101973  66.34
Lyra  1644374102198  66.113
Deribit  1644374130888  66.37
Lyra  1644374139188  66.113
Deribit  1644374160747  66.41
Lyra  1644374162220  66.113
Deribit  1644374191160  66.43
Lyra  1644374192459  66.113
Deribit  1644374221381  66.47
Lyra  1644374222180  66.113
Deribit  1644374251445  66.47
Lyra  1644374252229  66.113
Deribit  1644374282080  66.48
Lyra  1644374282450  66.113
Deribit  1644374311367  66.49
Lyra  1644374314020  66.113
Lyra  1644374345383  66.113
Deribit  1644374347291  66.5
Lyra  1644374371639  66.113
Deribit  1644374372697  66.51
Deribit  1644374401537  66.5
Lyra  1644374402377  66.113
Deribit  1644374431643  66.5
Lyra  1644374432618  66.113
Deribit  1644374461819  66.5
Lyra  1644374462042  66.113
Deribit  1644374491333  66.5
Lyra  1644374491869  66.113
Deribit  1644374525300  66.5
Lyra  1644374526618  66.113
Deribit  1644374550878  66.48
Lyra  1644374552407  66.113
Deribit  1644374581025  66.47
Lyra  1644374582324  66.113
Deribit  1644374611038  66.47
Lyra  1644374612367  66.113
Deribit  1644374640982  66.47
Lyra  1644374642677  66.113
Deribit  1644374670723  66.47
Lyra  1644374671831  66.113
Deribit  1644374700818  66.48
Lyra  1644374701876  66.113
Deribit  1644374730870  66.47
Lyra  1644374732160  66.113
Deribit  1644374760947  66.47
Lyra  1644374761729  66.113
Lyra  1644374792044  66.113
Deribit  1644374793760  66.46
Deribit  1644374820762  66.46
Lyra  1644374821819  66.113
Deribit  1644374850734  66.47
Lyra  1644374851816  66.113
Deribit  1644374880751  66.48
Lyra  1644374882270  66.113
Deribit  1644374910801  66.5
Lyra  1644374911861  66.113
Deribit  1644374940799  66.51
Lyra  1644374942138  66.113
Deribit  1644374970838  66.53
Lyra  1644374972036  66.113
Deribit  1644375001917  66.53
Lyra  1644375002649  66.113
Deribit  1644375031128  66.54
Lyra  1644375032200  66.113
Deribit  1644375060785  66.54
Lyra  1644375062002  66.113
Lyra  1644375092474  66.113
Deribit  1644375092730  66.53
Deribit  1644375121021  66.53
Lyra  1644375122338  66.113
Deribit  1644375150755  66.53
Lyra  1644375151890  66.153
Deribit  1644375180891  66.53
Lyra  1644375182124  66.153
Deribit  1644375210929  66.53
Lyra  1644375212168  66.153
Deribit  1644375241216  66.55
Lyra  1644375242297  66.153
Deribit  1644375270774  66.54
Lyra  1644375271736  66.153
Deribit  1644375300771  66.51
Lyra  1644375301774  66.153
Deribit  1644375330726  66.5
Lyra  1644375331619  66.153
Deribit  1644375361105  66.48
Lyra  1644375361748  66.153
Deribit  1644375390702  66.46
Lyra  1644375391757  66.153
Deribit  1644375420796  66.46
Lyra  1644375421661  66.153
Deribit  1644375450709  66.44
Lyra  1644375452079  66.153
Deribit  1644375480726  66.43
Lyra  1644375481998  66.153
Deribit  1644375511020  66.42
Lyra  1644375513210  66.153
Deribit  1644375540717  66.41
Lyra  1644375542135  66.153
Deribit  1644375570889  66.41
Lyra  1644375572260  66.153
Deribit  1644375601189  66.41
Lyra  1644375602032  66.153
Deribit  1644375630818  66.41
Lyra  1644375632319  66.153
Lyra  1644375661960  66.153
Deribit  1644375667391  66.41
Deribit  1644375690757  66.42
Lyra  1644375692270  66.153
Deribit  1644375720756  66.42
Lyra  1644375722600  66.153
Deribit  1644375750735  66.41
Lyra  1644375751722  66.153
Deribit  1644375780733  66.39
Lyra  1644375781664  66.153
Deribit  1644375810858  66.38
Lyra  1644375811821  66.153
Deribit  1644375840780  66.37
Lyra  1644375843240  66.153
Deribit  1644375871727  66.37
Lyra  1644375872132  66.153
Lyra  1644375902974  66.153
Deribit  1644375905302  66.36
Deribit  1644375934037  66.35
Lyra  1644375935005  66.153
Deribit  1644375960938  66.34
Lyra  1644375961840  66.153
Deribit  1644375990733  66.34
Lyra  1644375992165  66.153
Lyra  1644376021977  66.153
Deribit  1644376022709  66.33
Lyra  1644376052161  66.153
Deribit  1644376054579  66.31
Deribit  1644376081325  66.31
Lyra  1644376082011  66.153
Deribit  1644376111288  66.32
Lyra  1644376112838  66.153
Deribit  1644376140834  66.32
Lyra  1644376142180  66.153
Deribit  1644376170730  66.31
Lyra  1644376172244  66.153
Deribit  1644376200888  66.32
Lyra  1644376201905  66.153
Deribit  1644376230711  66.32
Lyra  1644376231790  66.153
Deribit  1644376260728  66.33
Lyra  1644376262173  66.153
Deribit  1644376290731  66.33
Lyra  1644376291711  66.153
Deribit  1644376320755  66.33
Lyra  1644376321570  66.153
Deribit  1644376350766  66.35
Lyra  1644376351814  66.153
Deribit  1644376380722  66.37
Lyra  1644376381839  66.153
Deribit  1644376410736  66.38
Lyra  1644376411763  66.153
Deribit  1644376440758  66.38
Lyra  1644376443584  66.153
Deribit  1644376470766  66.37
Lyra  1644376473202  66.153
Deribit  1644376501547  66.38
Lyra  1644376504008  66.153
Deribit  1644376531248  66.39
Lyra  1644376532332  66.153
Deribit  1644376560890  66.38
Lyra  1644376562390  66.153
Deribit  1644376590762  66.38
Lyra  1644376592574  66.153
Deribit  1644376622475  66.37
Lyra  1644376622589  66.153
Deribit  1644376651652  66.37
Lyra  1644376652463  66.153
Deribit  1644376680868  66.37
Lyra  1644376682101  66.153
Deribit  1644376710903  66.38
Lyra  1644376712555  66.153
Deribit  1644376741420  66.37
Lyra  1644376742566  66.153
Deribit  1644376770789  66.36
Lyra  1644376773557  66.153
Deribit  1644376800990  66.34
Lyra  1644376803048  66.153
Deribit  1644376830976  66.33
Lyra  1644376833508  66.153
Deribit  1644376861355  66.33
Lyra  1644376862996  66.153
Deribit  1644376891277  66.33
Lyra  1644376892691  66.153
Deribit  1644376920853  66.34
Lyra  1644376922019  66.153
Deribit  1644376950748  66.34
Lyra  1644376951723  66.153
Deribit  1644376980946  66.34
Lyra  1644376982342  66.153
Deribit  1644377010796  66.34
Lyra  1644377012174  66.153
Deribit  1644377040738  66.34
Lyra  1644377041931  66.153
Deribit  1644377070721  66.34
Lyra  1644377071898  66.153
Deribit  1644377101195  66.34
Lyra  1644377101880  66.153
Deribit  1644377131078  66.34
Lyra  1644377132225  66.153
Lyra  1644377165297  66.153
Deribit  1644377168677  66.35
Deribit  1644377190815  66.37
Lyra  1644377192665  66.153
Deribit  1644377221113  66.39
Lyra  1644377222839  66.153
Deribit  1644377251289  66.42
Lyra  1644377252921  66.153
Lyra  1644377283051  66.153
Deribit  1644377289653  66.43
Deribit  1644377312602  66.45
Lyra  1644377312953  66.153
Deribit  1644377341670  66.46
Lyra  1644377344438  66.153
Deribit  1644377374718  66.46
Lyra  1644377376161  66.153
Deribit  1644377400942  66.46
Lyra  1644377402816  66.153
Deribit  1644377431454  66.46
Lyra  1644377432430  66.153
Deribit  1644377461130  66.45
Lyra  1644377462381  66.153
Lyra  1644377492208  66.153
Deribit  1644377499167  66.43
Deribit  1644377524923  66.42
Lyra  1644377528209  66.153
Deribit  1644377551278  66.41
Lyra  1644377551628  66.153
Deribit  1644377584162  66.4
Lyra  1644377584406  66.153
Deribit  1644377612230  66.4
Lyra  1644377612329  66.153
Lyra  1644377642647  66.153
Deribit  1644377642848  66.41
Deribit  1644377670814  66.42
Lyra  1644377671426  66.153
Deribit  1644377701127  66.44
Lyra  1644377701953  66.153
Deribit  1644377730982  66.46
Lyra  1644377732496  66.153
Deribit  1644377761496  66.47
Lyra  1644377763071  66.153
Deribit  1644377793757  66.47
Lyra  1644377794819  66.153
Deribit  1644377820818  66.48
Lyra  1644377822276  66.153
Deribit  1644377850780  66.48
Lyra  1644377852326  66.153
Deribit  1644377881430  66.48
Lyra  1644377882470  66.153
Deribit  1644377910739  66.49
Lyra  1644377912360  66.153
Deribit  1644377940752  66.48
Lyra  1644377941985  66.153
Deribit  1644377972516  66.47
Lyra  1644377976884  66.153
Deribit  1644378000968  66.46
Lyra  1644378002066  66.153
Deribit  1644378031180  66.45
Lyra  1644378032533  66.153
Deribit  1644378060775  66.45
Lyra  1644378062158  66.153
Deribit  1644378090773  66.43
Lyra  1644378091997  66.153
Deribit  1644378122719  66.42
Lyra  1644378123661  66.153
Deribit  1644378152210  66.42
Lyra  1644378152294  66.153
Lyra  1644378184436  66.153
Deribit  1644378192793  66.43
Deribit  1644378212828  66.42
Lyra  1644378213287  66.153
Deribit  1644378244014  66.43
Lyra  1644378245834  66.153
Deribit  1644378270848  66.41
Lyra  1644378273075  66.153
Deribit  1644378300744  66.41
Lyra  1644378301612  66.153
Deribit  1644378331006  66.42
Lyra  1644378334903  66.153
Deribit  1644378360781  66.43
Lyra  1644378362192  66.153
Deribit  1644378390708  66.42
Lyra  1644378391618  66.153
Deribit  1644378424403  66.42
Lyra  1644378425193  66.153
Deribit  1644378451032  66.42
Lyra  1644378451680  66.153
Deribit  1644378480707  66.41
Lyra  1644378482482  66.153
Deribit  1644378510738  66.41
Lyra  1644378512055  66.153
Deribit  1644378540757  66.42
Lyra  1644378542070  66.153
Deribit  1644378570726  66.43
Lyra  1644378571610  66.153
Deribit  1644378601209  66.43
Lyra  1644378602426  66.153
Deribit  1644378630737  66.42
Lyra  1644378632468  66.153
Deribit  1644378661105  66.41
Lyra  1644378662571  66.153
Deribit  1644378690745  66.4
Lyra  1644378691616  66.153
Deribit  1644378720737  66.38
Lyra  1644378722263  66.153
Deribit  1644378750860  66.36
Lyra  1644378751708  66.153
Deribit  1644378780737  66.35
Lyra  1644378781736  66.153
Deribit  1644378810809  66.35
Lyra  1644378811704  66.153
Deribit  1644378840757  66.35
Lyra  1644378841637  66.153
Deribit  1644378870734  66.37
Lyra  1644378872353  66.153
Lyra  1644378902317  66.153
Deribit  1644378903340  66.36
Deribit  1644378930741  66.36
Lyra  1644378932409  66.153
Deribit  1644378960786  66.34
Lyra  1644378962053  66.153
Deribit  1644378990862  66.34
Lyra  1644378993291  66.153
Deribit  1644379020740  66.33
Lyra  1644379021812  66.153
Deribit  1644379050885  66.34
Lyra  1644379052459  66.153
Deribit  1644379081499  66.34
Lyra  1644379082718  66.153
Lyra  1644379115165  66.153
Deribit  1644379115178  66.35
Deribit  1644379140716  66.35
Lyra  1644379142133  66.153
Deribit  1644379170755  66.34
Lyra  1644379172114  66.153
Deribit  1644379203064  66.34
Lyra  1644379205473  66.153
Deribit  1644379231487  66.32
Lyra  1644379231841  66.153
Deribit  1644379261935  66.31
Lyra  1644379262999  66.153
Deribit  1644379293989  66.31
Lyra  1644379294793  66.153
Deribit  1644379320780  66.31
Lyra  1644379322527  66.153
Deribit  1644379350721  66.31
Lyra  1644379352061  66.153
Deribit  1644379380717  66.31
Lyra  1644379382124  66.153
Deribit  1644379410720  66.32
Lyra  1644379411575  66.153
Deribit  1644379440775  66.33
Lyra  1644379441914  66.153
Deribit  1644379470722  66.33
Lyra  1644379472321  66.153
Deribit  1644379500736  66.31
Lyra  1644379502479  66.153
Deribit  1644379530763  66.3
Lyra  1644379531856  66.153
Deribit  1644379560782  66.29
Lyra  1644379561767  66.153
Deribit  1644379590719  66.27
Lyra  1644379591652  66.153
Deribit  1644379620712  66.26
Lyra  1644379621726  66.153
Deribit  1644379650752  66.25
Lyra  1644379652130  66.153
Deribit  1644379680795  66.25
Lyra  1644379681938  66.153
Deribit  1644379710720  66.26
Lyra  1644379711735  66.153
Deribit  1644379740726  66.28
Lyra  1644379741990  66.153
Deribit  1644379770774  66.29
Lyra  1644379771678  66.153
Deribit  1644379800728  66.29
Lyra  1644379802122  66.153
Deribit  1644379830880  66.27
Lyra  1644379834302  66.153
Deribit  1644379860725  66.27
Lyra  1644379862093  66.153
Deribit  1644379890705  66.27
Lyra  1644379892908  66.153
Deribit  1644379920734  66.28
Lyra  1644379921796  66.153
Deribit  1644379950746  66.29
Lyra  1644379951931  66.153
Deribit  1644379980711  66.3
Lyra  1644379981599  66.153
Deribit  1644380011018  66.29
Lyra  1644380012288  66.153
Deribit  1644380041310  66.29
Lyra  1644380042516  66.153
Deribit  1644380071333  66.29
Lyra  1644380072385  66.153
Deribit  1644380101248  66.29
Lyra  1644380102963  66.153
Deribit  1644380131074  66.27
Lyra  1644380135759  66.153
Deribit  1644380161130  66.27
Lyra  1644380162182  66.153
Deribit  1644380190813  66.28
Lyra  1644380191605  66.153
Deribit  1644380221789  66.27
Lyra  1644380224113  66.153
Deribit  1644380251706  66.25
Lyra  1644380251758  66.153
Deribit  1644380280767  66.24
Lyra  1644380282285  66.153
Deribit  1644380310714  66.23
Lyra  1644380311930  66.153
Deribit  1644380340741  66.22
Lyra  1644380341682  66.153
Deribit  1644380370728  66.24
Lyra  1644380371774  66.153
Deribit  1644380400745  66.25
Lyra  1644380401876  66.153
Deribit  1644380430745  66.27
Lyra  1644380432211  66.153
Deribit  1644380460738  66.3
Lyra  1644380462201  66.153
Deribit  1644380490952  66.28
[31m[Nest] 48741  - [39m2022/02/09 下午12:37:01 [31m  ERROR[39m [38;5;3m[Scheduler] [39m[31mError: timeout (requestBody="{\"method\":\"eth_call\",\"params\":[{\"from\":\"0x50aef6d15e066194decbdf3026c1f040c98279e8\",\"to\":\"0x43592bffcf14f1e0a096091e125f023b2ccc2525\",\"data\":\"0x236c70d1000000000000000000000000000000000000000000000000000000000000025d\"},\"latest\"],\"id\":1705,\"jsonrpc\":\"2.0\"}", requestMethod="POST", timeout=120000, url="https://optimism-mainnet.infura.io/v3/644c9f96ba9045548c4639afbd33bcb0", code=TIMEOUT, version=web/5.5.1)[39m
Deribit  1644381422068  66.37
Lyra  1644381435569  66.153
Deribit  1644381450752  66.36
Lyra  1644381451624  66.153
Deribit  1644382380829  66.23
Lyra  1644382381509  66.153
Deribit  1644382410727  66.23
Lyra  1644382411960  66.153
Deribit  1644382440720  66.23
Lyra  1644382441836  66.153
Deribit  1644382470994  66.24
Lyra  1644382472662  66.153
Deribit  1644382500903  66.25
Lyra  1644382502414  66.153
Deribit  1644382531156  66.26
Lyra  1644382532346  66.153
Deribit  1644382560865  66.28
Lyra  1644382562132  66.153
Deribit  1644382590715  66.28
Lyra  1644382591632  66.153
Deribit  1644382620796  66.27
Lyra  1644382621724  66.153
Deribit  1644382650741  66.28
Lyra  1644382652992  66.153
Deribit  1644382681349  66.29
Lyra  1644382681666  66.153
Deribit  1644382710822  66.29
Lyra  1644382715207  66.153
Deribit  1644382740832  66.3
Lyra  1644382742374  66.153
Deribit  1644382770713  66.31
Lyra  1644382776382  66.153
Deribit  1644382802197  66.33
Lyra  1644382803125  66.153
Deribit  1644382830893  66.34
Lyra  1644382832392  66.153
Deribit  1644382860718  66.34
Lyra  1644382862646  66.153
Deribit  1644382890784  66.34
Lyra  1644382891755  66.153
Deribit  1644382920738  66.35
Lyra  1644382923190  66.153
Deribit  1644382950849  66.36
Lyra  1644382953652  66.153
Deribit  1644382980728  66.38
Lyra  1644382981716  66.153
Deribit  1644383010859  66.41
Lyra  1644383013817  66.153
Deribit  1644383040857  66.41
Lyra  1644383042059  66.153
Deribit  1644383070716  66.42
Lyra  1644383071744  66.153
Deribit  1644383100712  66.44
Lyra  1644383101705  66.153
Deribit  1644383130797  66.45
Lyra  1644383132594  66.153
Deribit  1644383161032  66.47
Lyra  1644383162527  66.153
Deribit  1644383192475  66.49
Lyra  1644383192494  66.153
Deribit  1644383220779  66.52
Lyra  1644383221946  66.153
Deribit  1644383250720  66.53
Lyra  1644383253807  66.153
Deribit  1644383677476  66.76
Lyra  1644383678693  66.153
Deribit  1644383701209  66.77
Lyra  1644383703314  66.153
Deribit  1644383730822  66.78
Lyra  1644383732012  66.153
Deribit  1644383761816  66.81
Lyra  1644383762577  66.153
Deribit  1644383791537  66.82
Lyra  1644383792033  66.153
Deribit  1644383821261  66.81
Lyra  1644383821795  66.153
Deribit  1644383851350  66.8
Lyra  1644383851918  66.153
Deribit  1644383881530  66.81
Lyra  1644383882032  66.153
Deribit  1644383911219  66.83
Lyra  1644383914580  66.153
Deribit  1644383941713  66.82
Lyra  1644383942846  66.153
Deribit  1644383970810  66.84
Lyra  1644383972473  66.153
Deribit  1644384001464  66.85
Lyra  1644384002453  66.153
Deribit  1644384031476  66.87
Lyra  1644384032259  66.153
Lyra  1644384063293  66.153
Deribit  1644384063548  66.9
Deribit  1644384091238  66.92
Lyra  1644384091964  66.153
Deribit  1644384122285  66.93
Lyra  1644384123319  66.153
Deribit  1644384151104  66.94
Lyra  1644384152269  66.153
Deribit  1644384180913  66.95
Lyra  1644384182083  66.153
Deribit  1644384211089  66.94
Lyra  1644384212359  66.153
Deribit  1644384240864  66.94
Lyra  1644384242131  66.153
Deribit  1644384270744  66.93
Lyra  1644384271840  66.153
Deribit  1644384300731  66.9
Lyra  1644384301866  66.153
Deribit  1644384330889  66.89
Lyra  1644384331779  66.153
Deribit  1644384360957  66.88
Lyra  1644384361833  66.153
Deribit  1644384390768  66.87
Lyra  1644384391861  66.153
Deribit  1644384420743  66.85
Lyra  1644384421716  66.153
Deribit  1644384450997  66.84
Lyra  1644384451833  66.153
Deribit  1644384480745  66.83
Lyra  1644384481766  66.153
Deribit  1644384510813  66.82
Lyra  1644384512335  66.153
Deribit  1644384540742  66.81
Lyra  1644384541958  66.153
Deribit  1644384570875  66.8
Lyra  1644384572105  66.153
